ARM GAS  C:\Users\winstona\AppData\Local\Temp\ccd7bwGo.s 			page 1


   1              		.syntax unified
   2              		.cpu cortex-m3
   3              		.fpu softvfp
   4              		.eabi_attribute 20, 1
   5              		.eabi_attribute 21, 1
   6              		.eabi_attribute 23, 3
   7              		.eabi_attribute 24, 1
   8              		.eabi_attribute 25, 1
   9              		.eabi_attribute 26, 1
  10              		.eabi_attribute 30, 6
  11              		.eabi_attribute 34, 1
  12              		.eabi_attribute 18, 4
  13              		.thumb
  14              		.syntax unified
  15              		.file	"cymetadata.c"
  16              		.text
  17              	.Ltext0:
  18              		.cfi_sections	.debug_frame
  19              		.global	cy_meta_configecc
  20              		.section	.cyconfigecc,"a",%progbits
  21              		.align	2
  22              		.type	cy_meta_configecc, %object
  23              		.size	cy_meta_configecc, 836
  24              	cy_meta_configecc:
  25 0000 01       		.byte	1
  26 0001 45       		.byte	69
  27 0002 00       		.byte	0
  28 0003 40       		.byte	64
  29 0004 01       		.byte	1
  30 0005 4F       		.byte	79
  31 0006 00       		.byte	0
  32 0007 40       		.byte	64
  33 0008 03       		.byte	3
  34 0009 52       		.byte	82
  35 000a 00       		.byte	0
  36 000b 40       		.byte	64
  37 000c 02       		.byte	2
  38 000d 64       		.byte	100
  39 000e 00       		.byte	0
  40 000f 40       		.byte	64
  41 0010 01       		.byte	1
  42 0011 65       		.byte	101
  43 0012 00       		.byte	0
  44 0013 40       		.byte	64
  45 0014 3D       		.byte	61
  46 0015 02       		.byte	2
  47 0016 01       		.byte	1
  48 0017 40       		.byte	64
  49 0018 1B       		.byte	27
  50 0019 03       		.byte	3
  51 001a 01       		.byte	1
  52 001b 40       		.byte	64
  53 001c 06       		.byte	6
  54 001d 05       		.byte	5
  55 001e 01       		.byte	1
  56 001f 40       		.byte	64
  57 0020 3D       		.byte	61
ARM GAS  C:\Users\winstona\AppData\Local\Temp\ccd7bwGo.s 			page 2


  58 0021 06       		.byte	6
  59 0022 01       		.byte	1
  60 0023 40       		.byte	64
  61 0024 19       		.byte	25
  62 0025 07       		.byte	7
  63 0026 01       		.byte	1
  64 0027 40       		.byte	64
  65 0028 01       		.byte	1
  66 0029 0D       		.byte	13
  67 002a 01       		.byte	1
  68 002b 40       		.byte	64
  69 002c 33       		.byte	51
  70 002d 14       		.byte	20
  71 002e 01       		.byte	1
  72 002f 40       		.byte	64
  73 0030 17       		.byte	23
  74 0031 15       		.byte	21
  75 0032 01       		.byte	1
  76 0033 40       		.byte	64
  77 0034 03       		.byte	3
  78 0035 17       		.byte	23
  79 0036 01       		.byte	1
  80 0037 40       		.byte	64
  81 0038 02       		.byte	2
  82 0039 19       		.byte	25
  83 003a 01       		.byte	1
  84 003b 40       		.byte	64
  85 003c 07       		.byte	7
  86 003d 40       		.byte	64
  87 003e 01       		.byte	1
  88 003f 40       		.byte	64
  89 0040 14       		.byte	20
  90 0041 41       		.byte	65
  91 0042 01       		.byte	1
  92 0043 40       		.byte	64
  93 0044 0D       		.byte	13
  94 0045 42       		.byte	66
  95 0046 01       		.byte	1
  96 0047 40       		.byte	64
  97 0048 06       		.byte	6
  98 0049 43       		.byte	67
  99 004a 01       		.byte	1
 100 004b 40       		.byte	64
 101 004c 01       		.byte	1
 102 004d 45       		.byte	69
 103 004e 01       		.byte	1
 104 004f 40       		.byte	64
 105 0050 01       		.byte	1
 106 0051 46       		.byte	70
 107 0052 01       		.byte	1
 108 0053 40       		.byte	64
 109 0054 04       		.byte	4
 110 0055 47       		.byte	71
 111 0056 01       		.byte	1
 112 0057 40       		.byte	64
 113 0058 07       		.byte	7
 114 0059 48       		.byte	72
ARM GAS  C:\Users\winstona\AppData\Local\Temp\ccd7bwGo.s 			page 3


 115 005a 01       		.byte	1
 116 005b 40       		.byte	64
 117 005c 06       		.byte	6
 118 005d 49       		.byte	73
 119 005e 01       		.byte	1
 120 005f 40       		.byte	64
 121 0060 01       		.byte	1
 122 0061 4C       		.byte	76
 123 0062 01       		.byte	1
 124 0063 40       		.byte	64
 125 0064 05       		.byte	5
 126 0065 50       		.byte	80
 127 0066 01       		.byte	1
 128 0067 40       		.byte	64
 129 0068 03       		.byte	3
 130 0069 51       		.byte	81
 131 006a 01       		.byte	1
 132 006b 40       		.byte	64
 133 006c 7E       		.byte	126
 134 006d 02       		.byte	2
 135 006e 0A       		.byte	10
 136 006f 4B       		.byte	75
 137 0070 00       		.byte	0
 138 0071 02       		.byte	2
 139 0072 01       		.byte	1
 140 0073 06       		.byte	6
 141 0074 7C       		.byte	124
 142 0075 40       		.byte	64
 143 0076 83       		.byte	-125
 144 0077 0D       		.byte	13
 145 0078 87       		.byte	-121
 146 0079 0D       		.byte	13
 147 007a 85       		.byte	-123
 148 007b 0D       		.byte	13
 149 007c 08       		.byte	8
 150 007d 01       		.byte	1
 151 007e 0A       		.byte	10
 152 007f 06       		.byte	6
 153 0080 0C       		.byte	12
 154 0081 04       		.byte	4
 155 0082 0E       		.byte	14
 156 0083 01       		.byte	1
 157 0084 30       		.byte	48
 158 0085 02       		.byte	2
 159 0086 34       		.byte	52
 160 0087 01       		.byte	1
 161 0088 36       		.byte	54
 162 0089 04       		.byte	4
 163 008a 38       		.byte	56
 164 008b 08       		.byte	8
 165 008c 3E       		.byte	62
 166 008d 54       		.byte	84
 167 008e 40       		.byte	64
 168 008f 45       		.byte	69
 169 0090 49       		.byte	73
 170 0091 FF       		.byte	-1
 171 0092 4A       		.byte	74
ARM GAS  C:\Users\winstona\AppData\Local\Temp\ccd7bwGo.s 			page 4


 172 0093 FF       		.byte	-1
 173 0094 4B       		.byte	75
 174 0095 FF       		.byte	-1
 175 0096 4F       		.byte	79
 176 0097 01       		.byte	1
 177 0098 50       		.byte	80
 178 0099 18       		.byte	24
 179 009a 58       		.byte	88
 180 009b 04       		.byte	4
 181 009c 5A       		.byte	90
 182 009d 04       		.byte	4
 183 009e 5C       		.byte	92
 184 009f 02       		.byte	2
 185 00a0 5D       		.byte	93
 186 00a1 01       		.byte	1
 187 00a2 5F       		.byte	95
 188 00a3 01       		.byte	1
 189 00a4 60       		.byte	96
 190 00a5 40       		.byte	64
 191 00a6 62       		.byte	98
 192 00a7 40       		.byte	64
 193 00a8 64       		.byte	100
 194 00a9 40       		.byte	64
 195 00aa 65       		.byte	101
 196 00ab 40       		.byte	64
 197 00ac 66       		.byte	102
 198 00ad 80       		.byte	-128
 199 00ae 68       		.byte	104
 200 00af 80       		.byte	-128
 201 00b0 6A       		.byte	106
 202 00b1 80       		.byte	-128
 203 00b2 6C       		.byte	108
 204 00b3 80       		.byte	-128
 205 00b4 6E       		.byte	110
 206 00b5 80       		.byte	-128
 207 00b6 8E       		.byte	-114
 208 00b7 01       		.byte	1
 209 00b8 92       		.byte	-110
 210 00b9 01       		.byte	1
 211 00ba B6       		.byte	-74
 212 00bb 01       		.byte	1
 213 00bc BE       		.byte	-66
 214 00bd 40       		.byte	64
 215 00be C0       		.byte	-64
 216 00bf 54       		.byte	84
 217 00c0 C5       		.byte	-59
 218 00c1 EC       		.byte	-20
 219 00c2 C7       		.byte	-57
 220 00c3 20       		.byte	32
 221 00c4 C8       		.byte	-56
 222 00c5 23       		.byte	35
 223 00c6 C9       		.byte	-55
 224 00c7 FF       		.byte	-1
 225 00c8 CA       		.byte	-54
 226 00c9 FF       		.byte	-1
 227 00ca CB       		.byte	-53
 228 00cb FF       		.byte	-1
ARM GAS  C:\Users\winstona\AppData\Local\Temp\ccd7bwGo.s 			page 5


 229 00cc CD       		.byte	-51
 230 00cd 83       		.byte	-125
 231 00ce CE       		.byte	-50
 232 00cf 03       		.byte	3
 233 00d0 CF       		.byte	-49
 234 00d1 01       		.byte	1
 235 00d2 D0       		.byte	-48
 236 00d3 18       		.byte	24
 237 00d4 D2       		.byte	-46
 238 00d5 80       		.byte	-128
 239 00d6 D4       		.byte	-44
 240 00d7 01       		.byte	1
 241 00d8 D6       		.byte	-42
 242 00d9 04       		.byte	4
 243 00da D8       		.byte	-40
 244 00db 04       		.byte	4
 245 00dc DA       		.byte	-38
 246 00dd 04       		.byte	4
 247 00de DB       		.byte	-37
 248 00df 04       		.byte	4
 249 00e0 DD       		.byte	-35
 250 00e1 11       		.byte	17
 251 00e2 DF       		.byte	-33
 252 00e3 01       		.byte	1
 253 00e4 E0       		.byte	-32
 254 00e5 40       		.byte	64
 255 00e6 E2       		.byte	-30
 256 00e7 40       		.byte	64
 257 00e8 E4       		.byte	-28
 258 00e9 40       		.byte	64
 259 00ea E5       		.byte	-27
 260 00eb 40       		.byte	64
 261 00ec E6       		.byte	-26
 262 00ed 80       		.byte	-128
 263 00ee E8       		.byte	-24
 264 00ef 80       		.byte	-128
 265 00f0 EA       		.byte	-22
 266 00f1 80       		.byte	-128
 267 00f2 EC       		.byte	-20
 268 00f3 80       		.byte	-128
 269 00f4 EE       		.byte	-18
 270 00f5 80       		.byte	-128
 271 00f6 02       		.byte	2
 272 00f7 02       		.byte	2
 273 00f8 04       		.byte	4
 274 00f9 60       		.byte	96
 275 00fa 09       		.byte	9
 276 00fb 02       		.byte	2
 277 00fc 19       		.byte	25
 278 00fd 40       		.byte	64
 279 00fe 1C       		.byte	28
 280 00ff 50       		.byte	80
 281 0100 1E       		.byte	30
 282 0101 05       		.byte	5
 283 0102 41       		.byte	65
 284 0103 01       		.byte	1
 285 0104 46       		.byte	70
ARM GAS  C:\Users\winstona\AppData\Local\Temp\ccd7bwGo.s 			page 6


 286 0105 80       		.byte	-128
 287 0106 49       		.byte	73
 288 0107 05       		.byte	5
 289 0108 4B       		.byte	75
 290 0109 40       		.byte	64
 291 010a 4E       		.byte	78
 292 010b 02       		.byte	2
 293 010c 51       		.byte	81
 294 010d 01       		.byte	1
 295 010e 52       		.byte	82
 296 010f 02       		.byte	2
 297 0110 59       		.byte	89
 298 0111 45       		.byte	69
 299 0112 62       		.byte	98
 300 0113 01       		.byte	1
 301 0114 71       		.byte	113
 302 0115 02       		.byte	2
 303 0116 72       		.byte	114
 304 0117 80       		.byte	-128
 305 0118 73       		.byte	115
 306 0119 40       		.byte	64
 307 011a 82       		.byte	-126
 308 011b 01       		.byte	1
 309 011c 86       		.byte	-122
 310 011d 04       		.byte	4
 311 011e C0       		.byte	-64
 312 011f C1       		.byte	-63
 313 0120 C2       		.byte	-62
 314 0121 08       		.byte	8
 315 0122 D0       		.byte	-48
 316 0123 81       		.byte	-127
 317 0124 D2       		.byte	-46
 318 0125 18       		.byte	24
 319 0126 D6       		.byte	-42
 320 0127 0B       		.byte	11
 321 0128 D8       		.byte	-40
 322 0129 01       		.byte	1
 323 012a E6       		.byte	-26
 324 012b 02       		.byte	2
 325 012c 8C       		.byte	-116
 326 012d 10       		.byte	16
 327 012e 90       		.byte	-112
 328 012f 10       		.byte	16
 329 0130 94       		.byte	-108
 330 0131 20       		.byte	32
 331 0132 B2       		.byte	-78
 332 0133 01       		.byte	1
 333 0134 E4       		.byte	-28
 334 0135 40       		.byte	64
 335 0136 EE       		.byte	-18
 336 0137 80       		.byte	-128
 337 0138 40       		.byte	64
 338 0139 65       		.byte	101
 339 013a 49       		.byte	73
 340 013b FF       		.byte	-1
 341 013c 4A       		.byte	74
 342 013d FF       		.byte	-1
ARM GAS  C:\Users\winstona\AppData\Local\Temp\ccd7bwGo.s 			page 7


 343 013e 4B       		.byte	75
 344 013f FF       		.byte	-1
 345 0140 4F       		.byte	79
 346 0141 01       		.byte	1
 347 0142 50       		.byte	80
 348 0143 18       		.byte	24
 349 0144 5A       		.byte	90
 350 0145 04       		.byte	4
 351 0146 5D       		.byte	93
 352 0147 03       		.byte	3
 353 0148 5F       		.byte	95
 354 0149 01       		.byte	1
 355 014a 60       		.byte	96
 356 014b 40       		.byte	64
 357 014c 62       		.byte	98
 358 014d 40       		.byte	64
 359 014e 64       		.byte	100
 360 014f 40       		.byte	64
 361 0150 65       		.byte	101
 362 0151 40       		.byte	64
 363 0152 66       		.byte	102
 364 0153 80       		.byte	-128
 365 0154 68       		.byte	104
 366 0155 80       		.byte	-128
 367 0156 6A       		.byte	106
 368 0157 80       		.byte	-128
 369 0158 6C       		.byte	108
 370 0159 80       		.byte	-128
 371 015a 6E       		.byte	110
 372 015b 80       		.byte	-128
 373 015c 84       		.byte	-124
 374 015d 01       		.byte	1
 375 015e 86       		.byte	-122
 376 015f 08       		.byte	8
 377 0160 8C       		.byte	-116
 378 0161 04       		.byte	4
 379 0162 8E       		.byte	-114
 380 0163 28       		.byte	40
 381 0164 92       		.byte	-110
 382 0165 17       		.byte	23
 383 0166 94       		.byte	-108
 384 0167 0F       		.byte	15
 385 0168 9C       		.byte	-100
 386 0169 02       		.byte	2
 387 016a 9E       		.byte	-98
 388 016b 28       		.byte	40
 389 016c B0       		.byte	-80
 390 016d 20       		.byte	32
 391 016e B2       		.byte	-78
 392 016f 08       		.byte	8
 393 0170 B4       		.byte	-76
 394 0171 07       		.byte	7
 395 0172 B6       		.byte	-74
 396 0173 10       		.byte	16
 397 0174 BA       		.byte	-70
 398 0175 08       		.byte	8
 399 0176 BE       		.byte	-66
ARM GAS  C:\Users\winstona\AppData\Local\Temp\ccd7bwGo.s 			page 8


 400 0177 01       		.byte	1
 401 0178 C0       		.byte	-64
 402 0179 25       		.byte	37
 403 017a C5       		.byte	-59
 404 017b EC       		.byte	-20
 405 017c C7       		.byte	-57
 406 017d 20       		.byte	32
 407 017e C8       		.byte	-56
 408 017f 23       		.byte	35
 409 0180 C9       		.byte	-55
 410 0181 FF       		.byte	-1
 411 0182 CA       		.byte	-54
 412 0183 FF       		.byte	-1
 413 0184 CB       		.byte	-53
 414 0185 FF       		.byte	-1
 415 0186 CD       		.byte	-51
 416 0187 83       		.byte	-125
 417 0188 CE       		.byte	-50
 418 0189 03       		.byte	3
 419 018a CF       		.byte	-49
 420 018b 01       		.byte	1
 421 018c D0       		.byte	-48
 422 018d 18       		.byte	24
 423 018e D2       		.byte	-46
 424 018f 80       		.byte	-128
 425 0190 D4       		.byte	-44
 426 0191 01       		.byte	1
 427 0192 D6       		.byte	-42
 428 0193 04       		.byte	4
 429 0194 D8       		.byte	-40
 430 0195 04       		.byte	4
 431 0196 DA       		.byte	-38
 432 0197 04       		.byte	4
 433 0198 DB       		.byte	-37
 434 0199 04       		.byte	4
 435 019a DC       		.byte	-36
 436 019b 03       		.byte	3
 437 019c DD       		.byte	-35
 438 019d 33       		.byte	51
 439 019e DF       		.byte	-33
 440 019f 01       		.byte	1
 441 01a0 E0       		.byte	-32
 442 01a1 40       		.byte	64
 443 01a2 E2       		.byte	-30
 444 01a3 40       		.byte	64
 445 01a4 E4       		.byte	-28
 446 01a5 40       		.byte	64
 447 01a6 E5       		.byte	-27
 448 01a7 40       		.byte	64
 449 01a8 E6       		.byte	-26
 450 01a9 80       		.byte	-128
 451 01aa E8       		.byte	-24
 452 01ab 80       		.byte	-128
 453 01ac EA       		.byte	-22
 454 01ad 80       		.byte	-128
 455 01ae EC       		.byte	-20
 456 01af 80       		.byte	-128
ARM GAS  C:\Users\winstona\AppData\Local\Temp\ccd7bwGo.s 			page 9


 457 01b0 EE       		.byte	-18
 458 01b1 80       		.byte	-128
 459 01b2 00       		.byte	0
 460 01b3 04       		.byte	4
 461 01b4 02       		.byte	2
 462 01b5 02       		.byte	2
 463 01b6 09       		.byte	9
 464 01b7 02       		.byte	2
 465 01b8 0A       		.byte	10
 466 01b9 11       		.byte	17
 467 01ba 18       		.byte	24
 468 01bb 04       		.byte	4
 469 01bc 1A       		.byte	26
 470 01bd 51       		.byte	81
 471 01be 1B       		.byte	27
 472 01bf 10       		.byte	16
 473 01c0 40       		.byte	64
 474 01c1 04       		.byte	4
 475 01c2 49       		.byte	73
 476 01c3 05       		.byte	5
 477 01c4 4A       		.byte	74
 478 01c5 02       		.byte	2
 479 01c6 4E       		.byte	78
 480 01c7 02       		.byte	2
 481 01c8 4F       		.byte	79
 482 01c9 20       		.byte	32
 483 01ca 52       		.byte	82
 484 01cb 02       		.byte	2
 485 01cc 59       		.byte	89
 486 01cd 05       		.byte	5
 487 01ce 5A       		.byte	90
 488 01cf 40       		.byte	64
 489 01d0 60       		.byte	96
 490 01d1 80       		.byte	-128
 491 01d2 71       		.byte	113
 492 01d3 02       		.byte	2
 493 01d4 B4       		.byte	-76
 494 01d5 10       		.byte	16
 495 01d6 C0       		.byte	-64
 496 01d7 05       		.byte	5
 497 01d8 C2       		.byte	-62
 498 01d9 0D       		.byte	13
 499 01da D0       		.byte	-48
 500 01db 04       		.byte	4
 501 01dc D2       		.byte	-46
 502 01dd 38       		.byte	56
 503 01de D6       		.byte	-42
 504 01df 0B       		.byte	11
 505 01e0 D8       		.byte	-40
 506 01e1 01       		.byte	1
 507 01e2 EA       		.byte	-22
 508 01e3 10       		.byte	16
 509 01e4 E6       		.byte	-26
 510 01e5 02       		.byte	2
 511 01e6 40       		.byte	64
 512 01e7 51       		.byte	81
 513 01e8 49       		.byte	73
ARM GAS  C:\Users\winstona\AppData\Local\Temp\ccd7bwGo.s 			page 10


 514 01e9 FF       		.byte	-1
 515 01ea 4A       		.byte	74
 516 01eb FF       		.byte	-1
 517 01ec 4B       		.byte	75
 518 01ed FF       		.byte	-1
 519 01ee 4F       		.byte	79
 520 01ef 01       		.byte	1
 521 01f0 50       		.byte	80
 522 01f1 18       		.byte	24
 523 01f2 5A       		.byte	90
 524 01f3 04       		.byte	4
 525 01f4 5D       		.byte	93
 526 01f5 01       		.byte	1
 527 01f6 5F       		.byte	95
 528 01f7 01       		.byte	1
 529 01f8 60       		.byte	96
 530 01f9 40       		.byte	64
 531 01fa 62       		.byte	98
 532 01fb 40       		.byte	64
 533 01fc 64       		.byte	100
 534 01fd 40       		.byte	64
 535 01fe 65       		.byte	101
 536 01ff 40       		.byte	64
 537 0200 66       		.byte	102
 538 0201 80       		.byte	-128
 539 0202 68       		.byte	104
 540 0203 80       		.byte	-128
 541 0204 6A       		.byte	106
 542 0205 80       		.byte	-128
 543 0206 6C       		.byte	108
 544 0207 80       		.byte	-128
 545 0208 6E       		.byte	110
 546 0209 80       		.byte	-128
 547 020a 9E       		.byte	-98
 548 020b 01       		.byte	1
 549 020c AE       		.byte	-82
 550 020d 01       		.byte	1
 551 020e B0       		.byte	-80
 552 020f 01       		.byte	1
 553 0210 B6       		.byte	-74
 554 0211 01       		.byte	1
 555 0212 BE       		.byte	-66
 556 0213 01       		.byte	1
 557 0214 C0       		.byte	-64
 558 0215 41       		.byte	65
 559 0216 C5       		.byte	-59
 560 0217 EC       		.byte	-20
 561 0218 C6       		.byte	-58
 562 0219 02       		.byte	2
 563 021a C8       		.byte	-56
 564 021b 07       		.byte	7
 565 021c C9       		.byte	-55
 566 021d FF       		.byte	-1
 567 021e CA       		.byte	-54
 568 021f FF       		.byte	-1
 569 0220 CB       		.byte	-53
 570 0221 FF       		.byte	-1
ARM GAS  C:\Users\winstona\AppData\Local\Temp\ccd7bwGo.s 			page 11


 571 0222 CD       		.byte	-51
 572 0223 83       		.byte	-125
 573 0224 CE       		.byte	-50
 574 0225 03       		.byte	3
 575 0226 CF       		.byte	-49
 576 0227 01       		.byte	1
 577 0228 D0       		.byte	-48
 578 0229 18       		.byte	24
 579 022a D2       		.byte	-46
 580 022b 80       		.byte	-128
 581 022c D4       		.byte	-44
 582 022d 01       		.byte	1
 583 022e D8       		.byte	-40
 584 022f 04       		.byte	4
 585 0230 DA       		.byte	-38
 586 0231 04       		.byte	4
 587 0232 DB       		.byte	-37
 588 0233 04       		.byte	4
 589 0234 DC       		.byte	-36
 590 0235 01       		.byte	1
 591 0236 DD       		.byte	-35
 592 0237 11       		.byte	17
 593 0238 DF       		.byte	-33
 594 0239 01       		.byte	1
 595 023a E0       		.byte	-32
 596 023b 40       		.byte	64
 597 023c E2       		.byte	-30
 598 023d 40       		.byte	64
 599 023e E4       		.byte	-28
 600 023f 40       		.byte	64
 601 0240 E5       		.byte	-27
 602 0241 40       		.byte	64
 603 0242 E6       		.byte	-26
 604 0243 80       		.byte	-128
 605 0244 E8       		.byte	-24
 606 0245 80       		.byte	-128
 607 0246 EA       		.byte	-22
 608 0247 80       		.byte	-128
 609 0248 EC       		.byte	-20
 610 0249 80       		.byte	-128
 611 024a EE       		.byte	-18
 612 024b 80       		.byte	-128
 613 024c 0D       		.byte	13
 614 024d 80       		.byte	-128
 615 024e 17       		.byte	23
 616 024f 80       		.byte	-128
 617 0250 1E       		.byte	30
 618 0251 80       		.byte	-128
 619 0252 1F       		.byte	31
 620 0253 40       		.byte	64
 621 0254 41       		.byte	65
 622 0255 80       		.byte	-128
 623 0256 45       		.byte	69
 624 0257 80       		.byte	-128
 625 0258 46       		.byte	70
 626 0259 40       		.byte	64
 627 025a 48       		.byte	72
ARM GAS  C:\Users\winstona\AppData\Local\Temp\ccd7bwGo.s 			page 12


 628 025b 01       		.byte	1
 629 025c 4D       		.byte	77
 630 025d 04       		.byte	4
 631 025e 4F       		.byte	79
 632 025f 01       		.byte	1
 633 0260 55       		.byte	85
 634 0261 80       		.byte	-128
 635 0262 5D       		.byte	93
 636 0263 04       		.byte	4
 637 0264 5E       		.byte	94
 638 0265 80       		.byte	-128
 639 0266 5F       		.byte	95
 640 0267 01       		.byte	1
 641 0268 74       		.byte	116
 642 0269 01       		.byte	1
 643 026a 76       		.byte	118
 644 026b 40       		.byte	64
 645 026c 77       		.byte	119
 646 026d 80       		.byte	-128
 647 026e 87       		.byte	-121
 648 026f 40       		.byte	64
 649 0270 C2       		.byte	-62
 650 0271 80       		.byte	-128
 651 0272 C4       		.byte	-60
 652 0273 80       		.byte	-128
 653 0274 D0       		.byte	-48
 654 0275 98       		.byte	-104
 655 0276 D2       		.byte	-46
 656 0277 08       		.byte	8
 657 0278 D6       		.byte	-42
 658 0279 D0       		.byte	-48
 659 027a B0       		.byte	-80
 660 027b 80       		.byte	-128
 661 027c EA       		.byte	-22
 662 027d 22       		.byte	34
 663 027e EE       		.byte	-18
 664 027f 02       		.byte	2
 665 0280 EA       		.byte	-22
 666 0281 02       		.byte	2
 667 0282 EE       		.byte	-18
 668 0283 02       		.byte	2
 669 0284 30       		.byte	48
 670 0285 10       		.byte	16
 671 0286 33       		.byte	51
 672 0287 02       		.byte	2
 673 0288 36       		.byte	54
 674 0289 08       		.byte	8
 675 028a 37       		.byte	55
 676 028b 80       		.byte	-128
 677 028c 3B       		.byte	59
 678 028d 10       		.byte	16
 679 028e CC       		.byte	-52
 680 028f F0       		.byte	-16
 681 0290 CE       		.byte	-50
 682 0291 10       		.byte	16
 683 0292 32       		.byte	50
 684 0293 20       		.byte	32
ARM GAS  C:\Users\winstona\AppData\Local\Temp\ccd7bwGo.s 			page 13


 685 0294 33       		.byte	51
 686 0295 01       		.byte	1
 687 0296 36       		.byte	54
 688 0297 40       		.byte	64
 689 0298 51       		.byte	81
 690 0299 20       		.byte	32
 691 029a 52       		.byte	82
 692 029b 02       		.byte	2
 693 029c 5E       		.byte	94
 694 029d 40       		.byte	64
 695 029e 82       		.byte	-126
 696 029f 40       		.byte	64
 697 02a0 83       		.byte	-125
 698 02a1 02       		.byte	2
 699 02a2 86       		.byte	-122
 700 02a3 22       		.byte	34
 701 02a4 87       		.byte	-121
 702 02a5 80       		.byte	-128
 703 02a6 97       		.byte	-105
 704 02a7 10       		.byte	16
 705 02a8 9C       		.byte	-100
 706 02a9 10       		.byte	16
 707 02aa 9F       		.byte	-97
 708 02ab 80       		.byte	-128
 709 02ac A6       		.byte	-90
 710 02ad 08       		.byte	8
 711 02ae A7       		.byte	-89
 712 02af 02       		.byte	2
 713 02b0 CC       		.byte	-52
 714 02b1 70       		.byte	112
 715 02b2 D4       		.byte	-44
 716 02b3 A0       		.byte	-96
 717 02b4 D6       		.byte	-42
 718 02b5 20       		.byte	32
 719 02b6 E2       		.byte	-30
 720 02b7 60       		.byte	96
 721 02b8 E6       		.byte	-26
 722 02b9 40       		.byte	64
 723 02ba 1B       		.byte	27
 724 02bb 04       		.byte	4
 725 02bc 3F       		.byte	63
 726 02bd 08       		.byte	8
 727 02be 5B       		.byte	91
 728 02bf 02       		.byte	2
 729 02c0 8C       		.byte	-116
 730 02c1 80       		.byte	-128
 731 02c2 97       		.byte	-105
 732 02c3 10       		.byte	16
 733 02c4 9C       		.byte	-100
 734 02c5 10       		.byte	16
 735 02c6 9F       		.byte	-97
 736 02c7 01       		.byte	1
 737 02c8 A6       		.byte	-90
 738 02c9 40       		.byte	64
 739 02ca B1       		.byte	-79
 740 02cb 20       		.byte	32
 741 02cc B2       		.byte	-78
ARM GAS  C:\Users\winstona\AppData\Local\Temp\ccd7bwGo.s 			page 14


 742 02cd 08       		.byte	8
 743 02ce C6       		.byte	-58
 744 02cf 10       		.byte	16
 745 02d0 CE       		.byte	-50
 746 02d1 80       		.byte	-128
 747 02d2 D6       		.byte	-42
 748 02d3 40       		.byte	64
 749 02d4 97       		.byte	-105
 750 02d5 10       		.byte	16
 751 02d6 9C       		.byte	-100
 752 02d7 10       		.byte	16
 753 02d8 9F       		.byte	-97
 754 02d9 01       		.byte	1
 755 02da A4       		.byte	-92
 756 02db 80       		.byte	-128
 757 02dc A6       		.byte	-90
 758 02dd 40       		.byte	64
 759 02de B7       		.byte	-73
 760 02df 02       		.byte	2
 761 02e0 87       		.byte	-121
 762 02e1 10       		.byte	16
 763 02e2 97       		.byte	-105
 764 02e3 20       		.byte	32
 765 02e4 0B       		.byte	11
 766 02e5 24       		.byte	36
 767 02e6 0F       		.byte	15
 768 02e7 40       		.byte	64
 769 02e8 97       		.byte	-105
 770 02e9 20       		.byte	32
 771 02ea C2       		.byte	-62
 772 02eb 0E       		.byte	14
 773 02ec 97       		.byte	-105
 774 02ed 10       		.byte	16
 775 02ee A4       		.byte	-92
 776 02ef 80       		.byte	-128
 777 02f0 AE       		.byte	-82
 778 02f1 40       		.byte	64
 779 02f2 AF       		.byte	-81
 780 02f3 01       		.byte	1
 781 02f4 B0       		.byte	-80
 782 02f5 10       		.byte	16
 783 02f6 EA       		.byte	-22
 784 02f7 40       		.byte	64
 785 02f8 EE       		.byte	-18
 786 02f9 40       		.byte	64
 787 02fa 0C       		.byte	12
 788 02fb 80       		.byte	-128
 789 02fc 87       		.byte	-121
 790 02fd 10       		.byte	16
 791 02fe 97       		.byte	-105
 792 02ff 10       		.byte	16
 793 0300 A4       		.byte	-92
 794 0301 80       		.byte	-128
 795 0302 C2       		.byte	-62
 796 0303 80       		.byte	-128
 797 0304 E2       		.byte	-30
 798 0305 10       		.byte	16
ARM GAS  C:\Users\winstona\AppData\Local\Temp\ccd7bwGo.s 			page 15


 799 0306 AF       		.byte	-81
 800 0307 44       		.byte	68
 801 0308 00       		.byte	0
 802 0309 0E       		.byte	14
 803 030a 08       		.byte	8
 804 030b 06       		.byte	6
 805 030c 0A       		.byte	10
 806 030d 08       		.byte	8
 807 030e 10       		.byte	16
 808 030f 02       		.byte	2
 809 0310 1A       		.byte	26
 810 0311 02       		.byte	2
 811 0312 00       		.byte	0
 812 0313 FF       		.byte	-1
 813 0314 01       		.byte	1
 814 0315 AB       		.byte	-85
 815 0316 04       		.byte	4
 816 0317 0C       		.byte	12
 817 0318 00       		.byte	0
 818 0319 87       		.byte	-121
 819 031a 87       		.byte	-121
 820 031b 00       		.byte	0
 821 031c 07       		.byte	7
 822 031d 00       		.byte	0
 823 031e 00       		.byte	0
 824 031f 00       		.byte	0
 825 0320 40       		.byte	64
 826 0321 00       		.byte	0
 827 0322 00       		.byte	0
 828 0323 00       		.byte	0
 829 0324 00       		.byte	0
 830 0325 00       		.byte	0
 831 0326 00       		.byte	0
 832 0327 00       		.byte	0
 833 0328 C0       		.byte	-64
 834 0329 00       		.byte	0
 835 032a 00       		.byte	0
 836 032b 00       		.byte	0
 837 032c 00       		.byte	0
 838 032d 0B       		.byte	11
 839 032e 0B       		.byte	11
 840 032f 00       		.byte	0
 841 0330 00       		.byte	0
 842 0331 00       		.byte	0
 843 0332 00       		.byte	0
 844 0333 00       		.byte	0
 845 0334 00       		.byte	0
 846 0335 7F       		.byte	127
 847 0336 7F       		.byte	127
 848 0337 00       		.byte	0
 849 0338 00       		.byte	0
 850 0339 00       		.byte	0
 851 033a 00       		.byte	0
 852 033b 00       		.byte	0
 853 033c 80       		.byte	-128
 854 033d 87       		.byte	-121
 855 033e 07       		.byte	7
ARM GAS  C:\Users\winstona\AppData\Local\Temp\ccd7bwGo.s 			page 16


 856 033f 00       		.byte	0
 857 0340 00       		.byte	0
 858 0341 00       		.byte	0
 859 0342 00       		.byte	0
 860 0343 00       		.byte	0
 861              		.global	cy_meta_custnvl
 862              		.section	.cycustnvl,"a",%progbits
 863              		.align	2
 864              		.type	cy_meta_custnvl, %object
 865              		.size	cy_meta_custnvl, 4
 866              	cy_meta_custnvl:
 867 0000 00       		.byte	0
 868 0001 00       		.byte	0
 869 0002 40       		.byte	64
 870 0003 05       		.byte	5
 871              		.global	cy_meta_wonvl
 872              		.section	.cywolatch,"a",%progbits
 873              		.align	2
 874              		.type	cy_meta_wonvl, %object
 875              		.size	cy_meta_wonvl, 4
 876              	cy_meta_wonvl:
 877 0000 BC       		.byte	-68
 878 0001 90       		.byte	-112
 879 0002 AC       		.byte	-84
 880 0003 AF       		.byte	-81
 881              		.global	cy_meta_flashprotect
 882              		.section	.cyflashprotect,"a",%progbits
 883              		.align	2
 884              		.type	cy_meta_flashprotect, %object
 885              		.size	cy_meta_flashprotect, 256
 886              	cy_meta_flashprotect:
 887 0000 00000000 		.space	256
 887      00000000 
 887      00000000 
 887      00000000 
 887      00000000 
 888              		.global	cy_metadata
 889              		.section	.cymeta,"a",%progbits
 890              		.align	2
 891              		.type	cy_metadata, %object
 892              		.size	cy_metadata, 12
 893              	cy_metadata:
 894 0000 00       		.byte	0
 895 0001 01       		.byte	1
 896 0002 2E       		.byte	46
 897 0003 12       		.byte	18
 898 0004 30       		.byte	48
 899 0005 69       		.byte	105
 900 0006 00       		.byte	0
 901 0007 01       		.byte	1
 902 0008 00       		.byte	0
 903 0009 00       		.byte	0
 904 000a 00       		.byte	0
 905 000b 00       		.byte	0
 906              		.text
 907              	.Letext0:
 908              		.file 1 "c:\\program files (x86)\\cypress\\psoc creator\\4.1\\psoc creator\\import\\gnu\\arm\\5.4.
ARM GAS  C:\Users\winstona\AppData\Local\Temp\ccd7bwGo.s 			page 17


 909              		.file 2 "c:\\program files (x86)\\cypress\\psoc creator\\4.1\\psoc creator\\import\\gnu\\arm\\5.4.
 910              		.file 3 "Generated_Source\\PSoC5\\cymetadata.c"
 911              		.section	.debug_info,"",%progbits
 912              	.Ldebug_info0:
 913 0000 31010000 		.4byte	0x131
 914 0004 0400     		.2byte	0x4
 915 0006 00000000 		.4byte	.Ldebug_abbrev0
 916 000a 04       		.byte	0x4
 917 000b 01       		.uleb128 0x1
 918 000c 0A000000 		.4byte	.LASF17
 919 0010 0C       		.byte	0xc
 920 0011 DB010000 		.4byte	.LASF18
 921 0015 51010000 		.4byte	.LASF19
 922 0019 00000000 		.4byte	.Ldebug_line0
 923 001d 02       		.uleb128 0x2
 924 001e 01       		.byte	0x1
 925 001f 06       		.byte	0x6
 926 0020 CF010000 		.4byte	.LASF0
 927 0024 03       		.uleb128 0x3
 928 0025 00000000 		.4byte	.LASF9
 929 0029 01       		.byte	0x1
 930 002a 1D       		.byte	0x1d
 931 002b 2F000000 		.4byte	0x2f
 932 002f 02       		.uleb128 0x2
 933 0030 01       		.byte	0x1
 934 0031 08       		.byte	0x8
 935 0032 A4000000 		.4byte	.LASF1
 936 0036 02       		.uleb128 0x2
 937 0037 02       		.byte	0x2
 938 0038 05       		.byte	0x5
 939 0039 BC010000 		.4byte	.LASF2
 940 003d 02       		.uleb128 0x2
 941 003e 02       		.byte	0x2
 942 003f 07       		.byte	0x7
 943 0040 C4000000 		.4byte	.LASF3
 944 0044 02       		.uleb128 0x2
 945 0045 04       		.byte	0x4
 946 0046 05       		.byte	0x5
 947 0047 C6010000 		.4byte	.LASF4
 948 004b 02       		.uleb128 0x2
 949 004c 04       		.byte	0x4
 950 004d 07       		.byte	0x7
 951 004e B2000000 		.4byte	.LASF5
 952 0052 02       		.uleb128 0x2
 953 0053 08       		.byte	0x8
 954 0054 05       		.byte	0x5
 955 0055 AE010000 		.4byte	.LASF6
 956 0059 02       		.uleb128 0x2
 957 005a 08       		.byte	0x8
 958 005b 07       		.byte	0x7
 959 005c 06010000 		.4byte	.LASF7
 960 0060 04       		.uleb128 0x4
 961 0061 04       		.byte	0x4
 962 0062 05       		.byte	0x5
 963 0063 696E7400 		.ascii	"int\000"
 964 0067 02       		.uleb128 0x2
 965 0068 04       		.byte	0x4
ARM GAS  C:\Users\winstona\AppData\Local\Temp\ccd7bwGo.s 			page 18


 966 0069 07       		.byte	0x7
 967 006a F9000000 		.4byte	.LASF8
 968 006e 03       		.uleb128 0x3
 969 006f 1D010000 		.4byte	.LASF10
 970 0073 02       		.byte	0x2
 971 0074 18       		.byte	0x18
 972 0075 24000000 		.4byte	0x24
 973 0079 05       		.uleb128 0x5
 974 007a 91000000 		.4byte	0x91
 975 007e 8A000000 		.4byte	0x8a
 976 0082 06       		.uleb128 0x6
 977 0083 8A000000 		.4byte	0x8a
 978 0087 4303     		.2byte	0x343
 979 0089 00       		.byte	0
 980 008a 02       		.uleb128 0x2
 981 008b 04       		.byte	0x4
 982 008c 07       		.byte	0x7
 983 008d 48010000 		.4byte	.LASF11
 984 0091 07       		.uleb128 0x7
 985 0092 6E000000 		.4byte	0x6e
 986 0096 08       		.uleb128 0x8
 987 0097 E7000000 		.4byte	.LASF12
 988 009b 03       		.byte	0x3
 989 009c 1F       		.byte	0x1f
 990 009d A7000000 		.4byte	0xa7
 991 00a1 05       		.uleb128 0x5
 992 00a2 03       		.byte	0x3
 993 00a3 00000000 		.4byte	cy_meta_configecc
 994 00a7 07       		.uleb128 0x7
 995 00a8 79000000 		.4byte	0x79
 996 00ac 05       		.uleb128 0x5
 997 00ad 91000000 		.4byte	0x91
 998 00b1 BC000000 		.4byte	0xbc
 999 00b5 09       		.uleb128 0x9
 1000 00b6 8A000000 		.4byte	0x8a
 1001 00ba 03       		.byte	0x3
 1002 00bb 00       		.byte	0
 1003 00bc 08       		.uleb128 0x8
 1004 00bd D7000000 		.4byte	.LASF13
 1005 00c1 03       		.byte	0x3
 1006 00c2 95       		.byte	0x95
 1007 00c3 CD000000 		.4byte	0xcd
 1008 00c7 05       		.uleb128 0x5
 1009 00c8 03       		.byte	0x3
 1010 00c9 00000000 		.4byte	cy_meta_custnvl
 1011 00cd 07       		.uleb128 0x7
 1012 00ce AC000000 		.4byte	0xac
 1013 00d2 08       		.uleb128 0x8
 1014 00d3 3A010000 		.4byte	.LASF14
 1015 00d7 03       		.byte	0x3
 1016 00d8 A3       		.byte	0xa3
 1017 00d9 E3000000 		.4byte	0xe3
 1018 00dd 05       		.uleb128 0x5
 1019 00de 03       		.byte	0x3
 1020 00df 00000000 		.4byte	cy_meta_wonvl
 1021 00e3 07       		.uleb128 0x7
 1022 00e4 AC000000 		.4byte	0xac
ARM GAS  C:\Users\winstona\AppData\Local\Temp\ccd7bwGo.s 			page 19


 1023 00e8 05       		.uleb128 0x5
 1024 00e9 91000000 		.4byte	0x91
 1025 00ed F8000000 		.4byte	0xf8
 1026 00f1 09       		.uleb128 0x9
 1027 00f2 8A000000 		.4byte	0x8a
 1028 00f6 FF       		.byte	0xff
 1029 00f7 00       		.byte	0
 1030 00f8 08       		.uleb128 0x8
 1031 00f9 25010000 		.4byte	.LASF15
 1032 00fd 03       		.byte	0x3
 1033 00fe B1       		.byte	0xb1
 1034 00ff 09010000 		.4byte	0x109
 1035 0103 05       		.uleb128 0x5
 1036 0104 03       		.byte	0x3
 1037 0105 00000000 		.4byte	cy_meta_flashprotect
 1038 0109 07       		.uleb128 0x7
 1039 010a E8000000 		.4byte	0xe8
 1040 010e 05       		.uleb128 0x5
 1041 010f 91000000 		.4byte	0x91
 1042 0113 1E010000 		.4byte	0x11e
 1043 0117 09       		.uleb128 0x9
 1044 0118 8A000000 		.4byte	0x8a
 1045 011c 0B       		.byte	0xb
 1046 011d 00       		.byte	0
 1047 011e 08       		.uleb128 0x8
 1048 011f 98000000 		.4byte	.LASF16
 1049 0123 03       		.byte	0x3
 1050 0124 DE       		.byte	0xde
 1051 0125 2F010000 		.4byte	0x12f
 1052 0129 05       		.uleb128 0x5
 1053 012a 03       		.byte	0x3
 1054 012b 00000000 		.4byte	cy_metadata
 1055 012f 07       		.uleb128 0x7
 1056 0130 0E010000 		.4byte	0x10e
 1057 0134 00       		.byte	0
 1058              		.section	.debug_abbrev,"",%progbits
 1059              	.Ldebug_abbrev0:
 1060 0000 01       		.uleb128 0x1
 1061 0001 11       		.uleb128 0x11
 1062 0002 01       		.byte	0x1
 1063 0003 25       		.uleb128 0x25
 1064 0004 0E       		.uleb128 0xe
 1065 0005 13       		.uleb128 0x13
 1066 0006 0B       		.uleb128 0xb
 1067 0007 03       		.uleb128 0x3
 1068 0008 0E       		.uleb128 0xe
 1069 0009 1B       		.uleb128 0x1b
 1070 000a 0E       		.uleb128 0xe
 1071 000b 10       		.uleb128 0x10
 1072 000c 17       		.uleb128 0x17
 1073 000d 00       		.byte	0
 1074 000e 00       		.byte	0
 1075 000f 02       		.uleb128 0x2
 1076 0010 24       		.uleb128 0x24
 1077 0011 00       		.byte	0
 1078 0012 0B       		.uleb128 0xb
 1079 0013 0B       		.uleb128 0xb
ARM GAS  C:\Users\winstona\AppData\Local\Temp\ccd7bwGo.s 			page 20


 1080 0014 3E       		.uleb128 0x3e
 1081 0015 0B       		.uleb128 0xb
 1082 0016 03       		.uleb128 0x3
 1083 0017 0E       		.uleb128 0xe
 1084 0018 00       		.byte	0
 1085 0019 00       		.byte	0
 1086 001a 03       		.uleb128 0x3
 1087 001b 16       		.uleb128 0x16
 1088 001c 00       		.byte	0
 1089 001d 03       		.uleb128 0x3
 1090 001e 0E       		.uleb128 0xe
 1091 001f 3A       		.uleb128 0x3a
 1092 0020 0B       		.uleb128 0xb
 1093 0021 3B       		.uleb128 0x3b
 1094 0022 0B       		.uleb128 0xb
 1095 0023 49       		.uleb128 0x49
 1096 0024 13       		.uleb128 0x13
 1097 0025 00       		.byte	0
 1098 0026 00       		.byte	0
 1099 0027 04       		.uleb128 0x4
 1100 0028 24       		.uleb128 0x24
 1101 0029 00       		.byte	0
 1102 002a 0B       		.uleb128 0xb
 1103 002b 0B       		.uleb128 0xb
 1104 002c 3E       		.uleb128 0x3e
 1105 002d 0B       		.uleb128 0xb
 1106 002e 03       		.uleb128 0x3
 1107 002f 08       		.uleb128 0x8
 1108 0030 00       		.byte	0
 1109 0031 00       		.byte	0
 1110 0032 05       		.uleb128 0x5
 1111 0033 01       		.uleb128 0x1
 1112 0034 01       		.byte	0x1
 1113 0035 49       		.uleb128 0x49
 1114 0036 13       		.uleb128 0x13
 1115 0037 01       		.uleb128 0x1
 1116 0038 13       		.uleb128 0x13
 1117 0039 00       		.byte	0
 1118 003a 00       		.byte	0
 1119 003b 06       		.uleb128 0x6
 1120 003c 21       		.uleb128 0x21
 1121 003d 00       		.byte	0
 1122 003e 49       		.uleb128 0x49
 1123 003f 13       		.uleb128 0x13
 1124 0040 2F       		.uleb128 0x2f
 1125 0041 05       		.uleb128 0x5
 1126 0042 00       		.byte	0
 1127 0043 00       		.byte	0
 1128 0044 07       		.uleb128 0x7
 1129 0045 26       		.uleb128 0x26
 1130 0046 00       		.byte	0
 1131 0047 49       		.uleb128 0x49
 1132 0048 13       		.uleb128 0x13
 1133 0049 00       		.byte	0
 1134 004a 00       		.byte	0
 1135 004b 08       		.uleb128 0x8
 1136 004c 34       		.uleb128 0x34
ARM GAS  C:\Users\winstona\AppData\Local\Temp\ccd7bwGo.s 			page 21


 1137 004d 00       		.byte	0
 1138 004e 03       		.uleb128 0x3
 1139 004f 0E       		.uleb128 0xe
 1140 0050 3A       		.uleb128 0x3a
 1141 0051 0B       		.uleb128 0xb
 1142 0052 3B       		.uleb128 0x3b
 1143 0053 0B       		.uleb128 0xb
 1144 0054 49       		.uleb128 0x49
 1145 0055 13       		.uleb128 0x13
 1146 0056 3F       		.uleb128 0x3f
 1147 0057 19       		.uleb128 0x19
 1148 0058 02       		.uleb128 0x2
 1149 0059 18       		.uleb128 0x18
 1150 005a 00       		.byte	0
 1151 005b 00       		.byte	0
 1152 005c 09       		.uleb128 0x9
 1153 005d 21       		.uleb128 0x21
 1154 005e 00       		.byte	0
 1155 005f 49       		.uleb128 0x49
 1156 0060 13       		.uleb128 0x13
 1157 0061 2F       		.uleb128 0x2f
 1158 0062 0B       		.uleb128 0xb
 1159 0063 00       		.byte	0
 1160 0064 00       		.byte	0
 1161 0065 00       		.byte	0
 1162              		.section	.debug_aranges,"",%progbits
 1163 0000 14000000 		.4byte	0x14
 1164 0004 0200     		.2byte	0x2
 1165 0006 00000000 		.4byte	.Ldebug_info0
 1166 000a 04       		.byte	0x4
 1167 000b 00       		.byte	0
 1168 000c 0000     		.2byte	0
 1169 000e 0000     		.2byte	0
 1170 0010 00000000 		.4byte	0
 1171 0014 00000000 		.4byte	0
 1172              		.section	.debug_line,"",%progbits
 1173              	.Ldebug_line0:
 1174 0000 3D010000 		.section	.debug_str,"MS",%progbits,1
 1174      02003701 
 1174      00000201 
 1174      FB0E0D00 
 1174      01010101 
 1175              	.LASF9:
 1176 0000 5F5F7569 		.ascii	"__uint8_t\000"
 1176      6E74385F 
 1176      7400
 1177              	.LASF17:
 1178 000a 474E5520 		.ascii	"GNU C11 5.4.1 20160609 (release) [ARM/embedded-5-br"
 1178      43313120 
 1178      352E342E 
 1178      31203230 
 1178      31363036 
 1179 003d 616E6368 		.ascii	"anch revision 237715] -mcpu=cortex-m3 -mthumb -g -O"
 1179      20726576 
 1179      6973696F 
 1179      6E203233 
 1179      37373135 
ARM GAS  C:\Users\winstona\AppData\Local\Temp\ccd7bwGo.s 			page 22


 1180 0070 30202D66 		.ascii	"0 -ffunction-sections -ffat-lto-objects\000"
 1180      66756E63 
 1180      74696F6E 
 1180      2D736563 
 1180      74696F6E 
 1181              	.LASF16:
 1182 0098 63795F6D 		.ascii	"cy_metadata\000"
 1182      65746164 
 1182      61746100 
 1183              	.LASF1:
 1184 00a4 756E7369 		.ascii	"unsigned char\000"
 1184      676E6564 
 1184      20636861 
 1184      7200
 1185              	.LASF5:
 1186 00b2 6C6F6E67 		.ascii	"long unsigned int\000"
 1186      20756E73 
 1186      69676E65 
 1186      6420696E 
 1186      7400
 1187              	.LASF3:
 1188 00c4 73686F72 		.ascii	"short unsigned int\000"
 1188      7420756E 
 1188      7369676E 
 1188      65642069 
 1188      6E7400
 1189              	.LASF13:
 1190 00d7 63795F6D 		.ascii	"cy_meta_custnvl\000"
 1190      6574615F 
 1190      63757374 
 1190      6E766C00 
 1191              	.LASF12:
 1192 00e7 63795F6D 		.ascii	"cy_meta_configecc\000"
 1192      6574615F 
 1192      636F6E66 
 1192      69676563 
 1192      6300
 1193              	.LASF8:
 1194 00f9 756E7369 		.ascii	"unsigned int\000"
 1194      676E6564 
 1194      20696E74 
 1194      00
 1195              	.LASF7:
 1196 0106 6C6F6E67 		.ascii	"long long unsigned int\000"
 1196      206C6F6E 
 1196      6720756E 
 1196      7369676E 
 1196      65642069 
 1197              	.LASF10:
 1198 011d 75696E74 		.ascii	"uint8_t\000"
 1198      385F7400 
 1199              	.LASF15:
 1200 0125 63795F6D 		.ascii	"cy_meta_flashprotect\000"
 1200      6574615F 
 1200      666C6173 
 1200      6870726F 
 1200      74656374 
ARM GAS  C:\Users\winstona\AppData\Local\Temp\ccd7bwGo.s 			page 23


 1201              	.LASF14:
 1202 013a 63795F6D 		.ascii	"cy_meta_wonvl\000"
 1202      6574615F 
 1202      776F6E76 
 1202      6C00
 1203              	.LASF11:
 1204 0148 73697A65 		.ascii	"sizetype\000"
 1204      74797065 
 1204      00
 1205              	.LASF19:
 1206 0151 433A5C55 		.ascii	"C:\\Users\\winstona\\Documents\\School Documents\\N"
 1206      73657273 
 1206      5C77696E 
 1206      73746F6E 
 1206      615C446F 
 1207 017f 6574776F 		.ascii	"etworking I\\ce4950lab1\\NetworkingProject.cydsn\000"
 1207      726B696E 
 1207      6720495C 
 1207      63653439 
 1207      35306C61 
 1208              	.LASF6:
 1209 01ae 6C6F6E67 		.ascii	"long long int\000"
 1209      206C6F6E 
 1209      6720696E 
 1209      7400
 1210              	.LASF2:
 1211 01bc 73686F72 		.ascii	"short int\000"
 1211      7420696E 
 1211      7400
 1212              	.LASF4:
 1213 01c6 6C6F6E67 		.ascii	"long int\000"
 1213      20696E74 
 1213      00
 1214              	.LASF0:
 1215 01cf 7369676E 		.ascii	"signed char\000"
 1215      65642063 
 1215      68617200 
 1216              	.LASF18:
 1217 01db 47656E65 		.ascii	"Generated_Source\\PSoC5\\cymetadata.c\000"
 1217      72617465 
 1217      645F536F 
 1217      75726365 
 1217      5C50536F 
 1218              		.ident	"GCC: (GNU Tools for ARM Embedded Processors) 5.4.1 20160609 (release) [ARM/embedded-5-bran
