ARM GAS  C:\Users\winstona\AppData\Local\Temp\cca5lowe.s 			page 1


   1              		.syntax unified
   2              		.cpu cortex-m3
   3              		.fpu softvfp
   4              		.eabi_attribute 20, 1
   5              		.eabi_attribute 21, 1
   6              		.eabi_attribute 23, 3
   7              		.eabi_attribute 24, 1
   8              		.eabi_attribute 25, 1
   9              		.eabi_attribute 26, 1
  10              		.eabi_attribute 30, 1
  11              		.eabi_attribute 34, 1
  12              		.eabi_attribute 18, 4
  13              		.thumb
  14              		.syntax unified
  15              		.file	"main.c"
  16              		.text
  17              	.Ltext0:
  18              		.cfi_sections	.debug_frame
  19              		.section	.text.ReceiveInterruptHandler,"ax",%progbits
  20              		.align	2
  21              		.global	ReceiveInterruptHandler
  22              		.thumb
  23              		.thumb_func
  24              		.type	ReceiveInterruptHandler, %function
  25              	ReceiveInterruptHandler:
  26              	.LFB64:
  27              		.file 1 "main.c"
   1:main.c        **** /* ========================================
   2:main.c        ****  * FILENAME: main.c
   3:main.c        ****  * AUTHORS: Tyler Wells, Andy Winston, 
   4:main.c        ****             Kamith Mirissage
   5:main.c        ****  * DATE: 11 DEC 2017
   6:main.c        ****  * PROVIDES:
   7:main.c        ****  * - A PSOC implementation of a system 
   8:main.c        ****  *   that fucntions as a message-exchange 
   9:main.c        ****  *   on CSMA/CD bus using unipolar return
  10:main.c        ****  *   to zero (RZ) line coding 
  11:main.c        ****  * - State machine with  channel monitor
  12:main.c        ****  *   implementation (BUSY/IDLE/COLLISION)
  13:main.c        ****  * - Software pushbutton debouncing used 
  14:main.c        ****  * - LED to signal different states
  15:main.c        ****  * - Interrupt handling for rising and 
  16:main.c        ****   *  edge triggers of a timer
  17:main.c        ****  * ========================================
  18:main.c        **** */
  19:main.c        **** 
  20:main.c        **** #include "project.h"
  21:main.c        **** #include <stdlib.h>
  22:main.c        **** #include <stdbool.h>
  23:main.c        **** #include "stdio.h"
  24:main.c        **** 
  25:main.c        **** #define COLLISION_PERIOD                   52
  26:main.c        **** #define COLLISION_COUNTER                  51
  27:main.c        **** #define IDLE_PERIOD                        830
  28:main.c        **** #define IDLE_COUNTER                       829
  29:main.c        **** #define IDLE_LEVEL 0
  30:main.c        **** 
ARM GAS  C:\Users\winstona\AppData\Local\Temp\cca5lowe.s 			page 2


  31:main.c        **** //States include: 
  32:main.c        **** //Busy - signals that the channel monitor is busy
  33:main.c        **** //       and in either line high or line low 
  34:main.c        **** //Collision - collision detected, line high
  35:main.c        **** //Idle - initialized state looking for rising
  36:main.c        **** //       edge to occur
  37:main.c        **** enum state { BUSY, COLLISION, IDLE } systemState;
  38:main.c        **** 
  39:main.c        **** bool logicLevel = 0;
  40:main.c        **** 
  41:main.c        **** int idx = 0; //Bit position
  42:main.c        **** bool firstHalfBit;
  43:main.c        **** char *dataPtr;
  44:main.c        **** bool collisionDelay = false;
  45:main.c        ****     
  46:main.c        ****     
  47:main.c        **** /*******************************************************************************
  48:main.c        **** * Define Interrupt service routine and allocate an vector to the Interrupt
  49:main.c        **** ********************************************************************************/
  50:main.c        **** 
  51:main.c        ****  /**********************************************************
  52:main.c        ****  * function name: ReceiveInterruptHandler
  53:main.c        ****  * operation: Handles interrupt timer if the timer expires
  54:main.c        ****  *            indicates an idle condition or colllision
  55:main.c        ****  *            reads the logic levon the input pin/signal
  56:main.c        ****  *            high -> collision set
  57:main.c        ****  *            low -> idle set
  58:main.c        ****  * inputs: none
  59:main.c        ****  * returns: none
  60:main.c        ****  * implemented: 14 Dec 2017
  61:main.c        ****  * edited:
  62:main.c        ****  *********************************************************/ 
  63:main.c        **** CY_ISR(ReceiveInterruptHandler)
  64:main.c        **** {
  28              		.loc 1 64 0
  29              		.cfi_startproc
  30              		@ args = 0, pretend = 0, frame = 0
  31              		@ frame_needed = 0, uses_anonymous_args = 0
  32 0000 08B5     		push	{r3, lr}
  33              		.cfi_def_cfa_offset 8
  34              		.cfi_offset 3, -8
  35              		.cfi_offset 14, -4
  65:main.c        ****    	TimerRX_STATUS; 
  36              		.loc 1 65 0
  37 0002 0F4B     		ldr	r3, .L5
  38 0004 1B78     		ldrb	r3, [r3]	@ zero_extendqisi2
  66:main.c        ****     if (logicLevel) {
  39              		.loc 1 66 0
  40 0006 0F4B     		ldr	r3, .L5+4
  41 0008 1B78     		ldrb	r3, [r3]	@ zero_extendqisi2
  42 000a 5BB1     		cbz	r3, .L2
  67:main.c        ****         systemState = COLLISION;
  43              		.loc 1 67 0
  44 000c 0120     		movs	r0, #1
  45 000e 0E4B     		ldr	r3, .L5+8
  46 0010 1870     		strb	r0, [r3]
  68:main.c        ****         COLLISION_Write(1);
ARM GAS  C:\Users\winstona\AppData\Local\Temp\cca5lowe.s 			page 3


  47              		.loc 1 68 0
  48 0012 FFF7FEFF 		bl	COLLISION_Write
  49              	.LVL0:
  69:main.c        ****         IDLE_Write(0);
  50              		.loc 1 69 0
  51 0016 0020     		movs	r0, #0
  52 0018 FFF7FEFF 		bl	IDLE_Write
  53              	.LVL1:
  70:main.c        ****         BUSY_Write(0);
  54              		.loc 1 70 0
  55 001c 0020     		movs	r0, #0
  56 001e FFF7FEFF 		bl	BUSY_Write
  57              	.LVL2:
  58 0022 08BD     		pop	{r3, pc}
  59              	.L2:
  71:main.c        ****     } else {
  72:main.c        ****         systemState = IDLE;
  60              		.loc 1 72 0
  61 0024 0222     		movs	r2, #2
  62 0026 084B     		ldr	r3, .L5+8
  63 0028 1A70     		strb	r2, [r3]
  73:main.c        ****         COLLISION_Write(0);
  64              		.loc 1 73 0
  65 002a 0020     		movs	r0, #0
  66 002c FFF7FEFF 		bl	COLLISION_Write
  67              	.LVL3:
  74:main.c        ****         IDLE_Write(1);
  68              		.loc 1 74 0
  69 0030 0120     		movs	r0, #1
  70 0032 FFF7FEFF 		bl	IDLE_Write
  71              	.LVL4:
  75:main.c        ****         BUSY_Write(0);
  72              		.loc 1 75 0
  73 0036 0020     		movs	r0, #0
  74 0038 FFF7FEFF 		bl	BUSY_Write
  75              	.LVL5:
  76 003c 08BD     		pop	{r3, pc}
  77              	.L6:
  78 003e 00BF     		.align	2
  79              	.L5:
  80 0040 65650040 		.word	1073767781
  81 0044 00000000 		.word	.LANCHOR0
  82 0048 00000000 		.word	systemState
  83              		.cfi_endproc
  84              	.LFE64:
  85              		.size	ReceiveInterruptHandler, .-ReceiveInterruptHandler
  86              		.section	.text.TransmitInterruptHandler,"ax",%progbits
  87              		.align	2
  88              		.global	TransmitInterruptHandler
  89              		.thumb
  90              		.thumb_func
  91              		.type	TransmitInterruptHandler, %function
  92              	TransmitInterruptHandler:
  93              	.LFB65:
  76:main.c        ****     }
  77:main.c        **** }
  78:main.c        **** 
ARM GAS  C:\Users\winstona\AppData\Local\Temp\cca5lowe.s 			page 4


  79:main.c        **** /**
  80:main.c        **** 
  81:main.c        **** */
  82:main.c        **** CY_ISR(TransmitInterruptHandler)
  83:main.c        **** {
  94              		.loc 1 83 0
  95              		.cfi_startproc
  96              		@ args = 0, pretend = 0, frame = 0
  97              		@ frame_needed = 0, uses_anonymous_args = 0
  98 0000 08B5     		push	{r3, lr}
  99              		.cfi_def_cfa_offset 8
 100              		.cfi_offset 3, -8
 101              		.cfi_offset 14, -4
  84:main.c        ****     TimerTX_STATUS;
 102              		.loc 1 84 0
 103 0002 1B4B     		ldr	r3, .L16
 104 0004 1B78     		ldrb	r3, [r3]	@ zero_extendqisi2
  85:main.c        ****     if (*dataPtr == '\0') {
 105              		.loc 1 85 0
 106 0006 1B4B     		ldr	r3, .L16+4
 107 0008 1B68     		ldr	r3, [r3]
 108 000a 1B78     		ldrb	r3, [r3]	@ zero_extendqisi2
 109 000c 2BB9     		cbnz	r3, .L8
  86:main.c        ****         TRANSMIT_Write(IDLE_LEVEL);
 110              		.loc 1 86 0
 111 000e 0020     		movs	r0, #0
 112 0010 FFF7FEFF 		bl	TRANSMIT_Write
 113              	.LVL6:
  87:main.c        ****         TransmitISR_Stop();
 114              		.loc 1 87 0
 115 0014 FFF7FEFF 		bl	TransmitISR_Stop
 116              	.LVL7:
 117 0018 08BD     		pop	{r3, pc}
 118              	.L8:
  88:main.c        ****     } else {
  89:main.c        ****         if (firstHalfBit) {
 119              		.loc 1 89 0
 120 001a 174A     		ldr	r2, .L16+8
 121 001c 1278     		ldrb	r2, [r2]	@ zero_extendqisi2
 122 001e 8AB1     		cbz	r2, .L10
  90:main.c        ****             if (idx == 7) {
 123              		.loc 1 90 0
 124 0020 164A     		ldr	r2, .L16+12
 125 0022 5068     		ldr	r0, [r2, #4]
 126 0024 0728     		cmp	r0, #7
 127 0026 03D1     		bne	.L11
  91:main.c        ****                 TRANSMIT_Write(1);
 128              		.loc 1 91 0
 129 0028 0120     		movs	r0, #1
 130 002a FFF7FEFF 		bl	TRANSMIT_Write
 131              	.LVL8:
 132 002e 05E0     		b	.L12
 133              	.L11:
  92:main.c        ****             } else {
  93:main.c        ****                 // Sets the level to the current bit.
  94:main.c        ****                 TRANSMIT_Write((*dataPtr & (1 << idx)) ? 1 : 0);
 134              		.loc 1 94 0
ARM GAS  C:\Users\winstona\AppData\Local\Temp\cca5lowe.s 			page 5


 135 0030 43FA00F0 		asr	r0, r3, r0
 136 0034 00F00100 		and	r0, r0, #1
 137 0038 FFF7FEFF 		bl	TRANSMIT_Write
 138              	.LVL9:
 139              	.L12:
  95:main.c        ****             }
  96:main.c        ****             firstHalfBit = false;
 140              		.loc 1 96 0
 141 003c 0022     		movs	r2, #0
 142 003e 0E4B     		ldr	r3, .L16+8
 143 0040 1A70     		strb	r2, [r3]
 144 0042 08BD     		pop	{r3, pc}
 145              	.L10:
  97:main.c        ****         } else {
  98:main.c        ****             TRANSMIT_Write(0);
 146              		.loc 1 98 0
 147 0044 0020     		movs	r0, #0
 148 0046 FFF7FEFF 		bl	TRANSMIT_Write
 149              	.LVL10:
  99:main.c        ****             if (idx == 0) {
 150              		.loc 1 99 0
 151 004a 0C4B     		ldr	r3, .L16+12
 152 004c 5B68     		ldr	r3, [r3, #4]
 153 004e 3BB9     		cbnz	r3, .L13
 100:main.c        ****                 idx = 7;
 154              		.loc 1 100 0
 155 0050 0722     		movs	r2, #7
 156 0052 0A4B     		ldr	r3, .L16+12
 157 0054 5A60     		str	r2, [r3, #4]
 101:main.c        ****                 dataPtr++;
 158              		.loc 1 101 0
 159 0056 074A     		ldr	r2, .L16+4
 160 0058 1368     		ldr	r3, [r2]
 161 005a 0133     		adds	r3, r3, #1
 162 005c 1360     		str	r3, [r2]
 163 005e 02E0     		b	.L14
 164              	.L13:
 102:main.c        ****             } else {
 103:main.c        ****                 idx--;
 165              		.loc 1 103 0
 166 0060 013B     		subs	r3, r3, #1
 167 0062 064A     		ldr	r2, .L16+12
 168 0064 5360     		str	r3, [r2, #4]
 169              	.L14:
 104:main.c        ****             }
 105:main.c        ****             firstHalfBit = true;
 170              		.loc 1 105 0
 171 0066 0122     		movs	r2, #1
 172 0068 034B     		ldr	r3, .L16+8
 173 006a 1A70     		strb	r2, [r3]
 174 006c 08BD     		pop	{r3, pc}
 175              	.L17:
 176 006e 00BF     		.align	2
 177              	.L16:
 178 0070 0F4F0040 		.word	1073762063
 179 0074 00000000 		.word	dataPtr
 180 0078 00000000 		.word	firstHalfBit
ARM GAS  C:\Users\winstona\AppData\Local\Temp\cca5lowe.s 			page 6


 181 007c 00000000 		.word	.LANCHOR0
 182              		.cfi_endproc
 183              	.LFE65:
 184              		.size	TransmitInterruptHandler, .-TransmitInterruptHandler
 185              		.section	.text.RisingEdgeInterruptHandler,"ax",%progbits
 186              		.align	2
 187              		.global	RisingEdgeInterruptHandler
 188              		.thumb
 189              		.thumb_func
 190              		.type	RisingEdgeInterruptHandler, %function
 191              	RisingEdgeInterruptHandler:
 192              	.LFB66:
 106:main.c        ****         }
 107:main.c        ****     }
 108:main.c        **** }
 109:main.c        **** 
 110:main.c        **** 
 111:main.c        ****  /**********************************************************
 112:main.c        ****  * function name: RisingEdgeInterruptHandler
 113:main.c        ****  * operation: Handles interrupt for when a rising edge on 
 114:main.c        ****  *            the timer occurs. Triggers system to look for
 115:main.c        ****  *            falling edge (1 -> 0). Schedules a timer
 116:main.c        ****  *            interupt to occur in .6ms and sets state to 
 117:main.c        ****  *            busy
 118:main.c        ****  * inputs: none
 119:main.c        ****  * returns: none
 120:main.c        ****  * implemented: 14 Dec 2017
 121:main.c        ****  * edited:
 122:main.c        ****  *********************************************************/ 
 123:main.c        **** CY_ISR(RisingEdgeInterruptHandler)
 124:main.c        **** {
 193              		.loc 1 124 0
 194              		.cfi_startproc
 195              		@ args = 0, pretend = 0, frame = 0
 196              		@ frame_needed = 0, uses_anonymous_args = 0
 125:main.c        ****     if ((!logicLevel)){
 197              		.loc 1 125 0
 198 0000 0F4B     		ldr	r3, .L22
 199 0002 1B78     		ldrb	r3, [r3]	@ zero_extendqisi2
 200 0004 DBB9     		cbnz	r3, .L21
 124:main.c        ****     if ((!logicLevel)){
 201              		.loc 1 124 0
 202 0006 10B5     		push	{r4, lr}
 203              		.cfi_def_cfa_offset 8
 204              		.cfi_offset 4, -8
 205              		.cfi_offset 14, -4
 126:main.c        ****         RisingEdgeISR_ClearPending();
 206              		.loc 1 126 0
 207 0008 FFF7FEFF 		bl	RisingEdgeISR_ClearPending
 208              	.LVL11:
 127:main.c        ****         TimerRX_Stop();
 209              		.loc 1 127 0
 210 000c FFF7FEFF 		bl	TimerRX_Stop
 211              	.LVL12:
 128:main.c        ****         TimerRX_WritePeriod(COLLISION_PERIOD);
 212              		.loc 1 128 0
 213 0010 3420     		movs	r0, #52
ARM GAS  C:\Users\winstona\AppData\Local\Temp\cca5lowe.s 			page 7


 214 0012 FFF7FEFF 		bl	TimerRX_WritePeriod
 215              	.LVL13:
 129:main.c        ****         TimerRX_WriteCounter(COLLISION_COUNTER);
 216              		.loc 1 129 0
 217 0016 3320     		movs	r0, #51
 218 0018 FFF7FEFF 		bl	TimerRX_WriteCounter
 219              	.LVL14:
 130:main.c        ****         TimerRX_Start();
 220              		.loc 1 130 0
 221 001c FFF7FEFF 		bl	TimerRX_Start
 222              	.LVL15:
 131:main.c        ****         logicLevel = 1;
 223              		.loc 1 131 0
 224 0020 0120     		movs	r0, #1
 225 0022 074B     		ldr	r3, .L22
 226 0024 1870     		strb	r0, [r3]
 132:main.c        ****         systemState = BUSY;
 227              		.loc 1 132 0
 228 0026 0024     		movs	r4, #0
 229 0028 064B     		ldr	r3, .L22+4
 230 002a 1C70     		strb	r4, [r3]
 133:main.c        ****         BUSY_Write(1);
 231              		.loc 1 133 0
 232 002c FFF7FEFF 		bl	BUSY_Write
 233              	.LVL16:
 134:main.c        ****         COLLISION_Write(0);
 234              		.loc 1 134 0
 235 0030 2046     		mov	r0, r4
 236 0032 FFF7FEFF 		bl	COLLISION_Write
 237              	.LVL17:
 135:main.c        ****         IDLE_Write(0);
 238              		.loc 1 135 0
 239 0036 2046     		mov	r0, r4
 240 0038 FFF7FEFF 		bl	IDLE_Write
 241              	.LVL18:
 242 003c 10BD     		pop	{r4, pc}
 243              	.L21:
 244              		.cfi_def_cfa_offset 0
 245              		.cfi_restore 4
 246              		.cfi_restore 14
 247 003e 7047     		bx	lr
 248              	.L23:
 249              		.align	2
 250              	.L22:
 251 0040 00000000 		.word	.LANCHOR0
 252 0044 00000000 		.word	systemState
 253              		.cfi_endproc
 254              	.LFE66:
 255              		.size	RisingEdgeInterruptHandler, .-RisingEdgeInterruptHandler
 256              		.section	.text.FallingEdgeInterruptHandler,"ax",%progbits
 257              		.align	2
 258              		.global	FallingEdgeInterruptHandler
 259              		.thumb
 260              		.thumb_func
 261              		.type	FallingEdgeInterruptHandler, %function
 262              	FallingEdgeInterruptHandler:
 263              	.LFB67:
ARM GAS  C:\Users\winstona\AppData\Local\Temp\cca5lowe.s 			page 8


 136:main.c        ****     }
 137:main.c        **** }
 138:main.c        ****  
 139:main.c        **** 
 140:main.c        ****  /**********************************************************
 141:main.c        ****  * function name: FallingEdgeInterruptHandler
 142:main.c        ****  * operation: Handles interrupt for when a falling edge on 
 143:main.c        ****  *            the timer occurs. Triggers system to look for
 144:main.c        ****  *            rising edge (0 -> 1). Schedules a timer
 145:main.c        ****  *            interupt to occur in 7.7 ms and sets state to 
 146:main.c        ****  *            busy
 147:main.c        ****  * inputs: none
 148:main.c        ****  * returns: none
 149:main.c        ****  * implemented: 14 Dec 2017
 150:main.c        ****  * edited:
 151:main.c        ****  *********************************************************/ 
 152:main.c        **** CY_ISR(FallingEdgeInterruptHandler)
 153:main.c        **** {
 264              		.loc 1 153 0
 265              		.cfi_startproc
 266              		@ args = 0, pretend = 0, frame = 0
 267              		@ frame_needed = 0, uses_anonymous_args = 0
 154:main.c        ****     if (logicLevel) {
 268              		.loc 1 154 0
 269 0000 104B     		ldr	r3, .L28
 270 0002 1B78     		ldrb	r3, [r3]	@ zero_extendqisi2
 271 0004 EBB1     		cbz	r3, .L27
 153:main.c        ****     if (logicLevel) {
 272              		.loc 1 153 0
 273 0006 10B5     		push	{r4, lr}
 274              		.cfi_def_cfa_offset 8
 275              		.cfi_offset 4, -8
 276              		.cfi_offset 14, -4
 155:main.c        ****         FallingEdgeISR_ClearPending();
 277              		.loc 1 155 0
 278 0008 FFF7FEFF 		bl	FallingEdgeISR_ClearPending
 279              	.LVL19:
 156:main.c        ****         TimerRX_Stop();
 280              		.loc 1 156 0
 281 000c FFF7FEFF 		bl	TimerRX_Stop
 282              	.LVL20:
 157:main.c        ****         TimerRX_WritePeriod(IDLE_PERIOD);
 283              		.loc 1 157 0
 284 0010 40F23E30 		movw	r0, #830
 285 0014 FFF7FEFF 		bl	TimerRX_WritePeriod
 286              	.LVL21:
 158:main.c        ****         TimerRX_WriteCounter(IDLE_COUNTER);
 287              		.loc 1 158 0
 288 0018 40F23D30 		movw	r0, #829
 289 001c FFF7FEFF 		bl	TimerRX_WriteCounter
 290              	.LVL22:
 159:main.c        ****         TimerRX_Start();
 291              		.loc 1 159 0
 292 0020 FFF7FEFF 		bl	TimerRX_Start
 293              	.LVL23:
 160:main.c        ****         logicLevel = 0;
 294              		.loc 1 160 0
ARM GAS  C:\Users\winstona\AppData\Local\Temp\cca5lowe.s 			page 9


 295 0024 0024     		movs	r4, #0
 296 0026 074B     		ldr	r3, .L28
 297 0028 1C70     		strb	r4, [r3]
 161:main.c        ****         systemState = BUSY;
 298              		.loc 1 161 0
 299 002a 074B     		ldr	r3, .L28+4
 300 002c 1C70     		strb	r4, [r3]
 162:main.c        ****         BUSY_Write(1);
 301              		.loc 1 162 0
 302 002e 0120     		movs	r0, #1
 303 0030 FFF7FEFF 		bl	BUSY_Write
 304              	.LVL24:
 163:main.c        ****         COLLISION_Write(0);
 305              		.loc 1 163 0
 306 0034 2046     		mov	r0, r4
 307 0036 FFF7FEFF 		bl	COLLISION_Write
 308              	.LVL25:
 164:main.c        ****         IDLE_Write(0);
 309              		.loc 1 164 0
 310 003a 2046     		mov	r0, r4
 311 003c FFF7FEFF 		bl	IDLE_Write
 312              	.LVL26:
 313 0040 10BD     		pop	{r4, pc}
 314              	.L27:
 315              		.cfi_def_cfa_offset 0
 316              		.cfi_restore 4
 317              		.cfi_restore 14
 318 0042 7047     		bx	lr
 319              	.L29:
 320              		.align	2
 321              	.L28:
 322 0044 00000000 		.word	.LANCHOR0
 323 0048 00000000 		.word	systemState
 324              		.cfi_endproc
 325              	.LFE67:
 326              		.size	FallingEdgeInterruptHandler, .-FallingEdgeInterruptHandler
 327              		.section	.text.CollisionInterruptHandler,"ax",%progbits
 328              		.align	2
 329              		.global	CollisionInterruptHandler
 330              		.thumb
 331              		.thumb_func
 332              		.type	CollisionInterruptHandler, %function
 333              	CollisionInterruptHandler:
 334              	.LFB68:
 165:main.c        ****     }
 166:main.c        **** }
 167:main.c        **** 
 168:main.c        **** /**
 169:main.c        **** This runs at the end of the interrupt.
 170:main.c        **** */
 171:main.c        **** CY_ISR(CollisionInterruptHandler)
 172:main.c        **** {
 335              		.loc 1 172 0
 336              		.cfi_startproc
 337              		@ args = 0, pretend = 0, frame = 0
 338              		@ frame_needed = 0, uses_anonymous_args = 0
 339              		@ link register save eliminated.
ARM GAS  C:\Users\winstona\AppData\Local\Temp\cca5lowe.s 			page 10


 173:main.c        ****     collisionDelay = false;
 340              		.loc 1 173 0
 341 0000 0022     		movs	r2, #0
 342 0002 014B     		ldr	r3, .L31
 343 0004 1A72     		strb	r2, [r3, #8]
 344 0006 7047     		bx	lr
 345              	.L32:
 346              		.align	2
 347              	.L31:
 348 0008 00000000 		.word	.LANCHOR0
 349              		.cfi_endproc
 350              	.LFE68:
 351              		.size	CollisionInterruptHandler, .-CollisionInterruptHandler
 352              		.section	.text.main,"ax",%progbits
 353              		.align	2
 354              		.global	main
 355              		.thumb
 356              		.thumb_func
 357              		.type	main, %function
 358              	main:
 359              	.LFB69:
 174:main.c        **** }
 175:main.c        **** 
 176:main.c        **** 
 177:main.c        ****  /**********************************************************
 178:main.c        ****  * function name: main
 179:main.c        ****  * operation: Handles the main state machine diagram for the
 180:main.c        ****  *            system. Changes  states when needed and calls
 181:main.c        ****  *            appropriate interrupt routines when triggered.                
 182:main.c        ****  * inputs: none
 183:main.c        ****  * returns: none
 184:main.c        ****  * implemented: 14 Dec 2017
 185:main.c        ****  * edited:
 186:main.c        ****  *********************************************************/ 
 187:main.c        **** int main(void)
 188:main.c        **** {
 360              		.loc 1 188 0
 361              		.cfi_startproc
 362              		@ args = 0, pretend = 0, frame = 64
 363              		@ frame_needed = 0, uses_anonymous_args = 0
 364 0000 F0B5     		push	{r4, r5, r6, r7, lr}
 365              		.cfi_def_cfa_offset 20
 366              		.cfi_offset 4, -20
 367              		.cfi_offset 5, -16
 368              		.cfi_offset 6, -12
 369              		.cfi_offset 7, -8
 370              		.cfi_offset 14, -4
 371 0002 91B0     		sub	sp, sp, #68
 372              		.cfi_def_cfa_offset 88
 189:main.c        ****     CyGlobalIntEnable; //enable global interrupts
 373              		.loc 1 189 0
 374              		.syntax unified
 375              	@ 189 "main.c" 1
 376 0004 62B6     		CPSIE   i
 377              	@ 0 "" 2
 190:main.c        ****     //starting the interrupt handlers
 191:main.c        ****     RisingEdgeISR_StartEx(RisingEdgeInterruptHandler);
ARM GAS  C:\Users\winstona\AppData\Local\Temp\cca5lowe.s 			page 11


 378              		.loc 1 191 0
 379              		.thumb
 380              		.syntax unified
 381 0006 2A48     		ldr	r0, .L48
 382 0008 FFF7FEFF 		bl	RisingEdgeISR_StartEx
 383              	.LVL27:
 192:main.c        ****     FallingEdgeISR_StartEx(FallingEdgeInterruptHandler);
 384              		.loc 1 192 0
 385 000c 2948     		ldr	r0, .L48+4
 386 000e FFF7FEFF 		bl	FallingEdgeISR_StartEx
 387              	.LVL28:
 193:main.c        ****     ReceiveISR_StartEx(ReceiveInterruptHandler);  
 388              		.loc 1 193 0
 389 0012 2948     		ldr	r0, .L48+8
 390 0014 FFF7FEFF 		bl	ReceiveISR_StartEx
 391              	.LVL29:
 194:main.c        ****     USBUART_Start(USBUART_device, USBUART_5V_OPERATION); //configuring USBUART to start
 392              		.loc 1 194 0
 393 0018 284B     		ldr	r3, .L48+12
 394 001a 1878     		ldrb	r0, [r3]	@ zero_extendqisi2
 395 001c 0121     		movs	r1, #1
 396 001e FFF7FEFF 		bl	USBUART_Start
 397              	.LVL30:
 195:main.c        ****     int delay = 500; //delay of 500ms, configured later through random and uniformly distributed to
 196:main.c        ****     int dataSize = 0; //size of retrieved data to then be transmitted
 197:main.c        ****     int dataPosition = 0; //position looping through the data to transmit
 198:main.c        ****     _Bool endOfData = 0; //boolean to determine if the entire characters has been received
 199:main.c        ****     unsigned char buffer[10]; //buffer used to hold single blob of data 
 200:main.c        ****     char data[44 + 1]; //designed to transmit a message as long as 44 characters
 201:main.c        ****     bool endOfTransmission = 0; //boolean sigifying complete transmission of data 
 202:main.c        ****     char binaryOfChar[8 + 1]; //represents the 8 bit representation of the character 
 203:main.c        ****         
 204:main.c        ****     while (1) {
 205:main.c        ****         
 206:main.c        ****         //Ensure device is connected and configured 
 207:main.c        ****         if (0u != USBUART_IsConfigurationChanged())
 398              		.loc 1 207 0
 399 0022 FFF7FEFF 		bl	USBUART_IsConfigurationChanged
 400              	.LVL31:
 401 0026 40B3     		cbz	r0, .L34
 208:main.c        ****         {           
 209:main.c        ****             // Initialize IN endpoints
 210:main.c        ****             if (0u != USBUART_GetConfiguration())
 402              		.loc 1 210 0
 403 0028 FFF7FEFF 		bl	USBUART_GetConfiguration
 404              	.LVL32:
 405 002c 28B3     		cbz	r0, .L34
 211:main.c        ****             {
 212:main.c        ****                 // Enable OUT endpoint to receive data from host
 213:main.c        ****                 USBUART_CDC_Init();
 406              		.loc 1 213 0
 407 002e FFF7FEFF 		bl	USBUART_CDC_Init
 408              	.LVL33:
 409 0032 22E0     		b	.L34
 410              	.LVL34:
 411              	.L43:
 214:main.c        ****             }
ARM GAS  C:\Users\winstona\AppData\Local\Temp\cca5lowe.s 			page 12


 215:main.c        ****         }      
 216:main.c        ****         
 217:main.c        ****         while (endOfData == 0) {
 218:main.c        ****             // Check for input data
 219:main.c        ****             if (0u != USBUART_DataIsReady())
 412              		.loc 1 219 0
 413 0034 FFF7FEFF 		bl	USBUART_DataIsReady
 414              	.LVL35:
 415 0038 08B3     		cbz	r0, .L35
 220:main.c        ****             {
 221:main.c        ****                 // Read received data
 222:main.c        ****                 dataSize = USBUART_GetAll(buffer);
 416              		.loc 1 222 0
 417 003a 0DA8     		add	r0, sp, #52
 418 003c FFF7FEFF 		bl	USBUART_GetAll
 419              	.LVL36:
 420 0040 0746     		mov	r7, r0
 421              	.LVL37:
 223:main.c        ****                 
 224:main.c        ****                 if (0u != dataSize) 
 422              		.loc 1 224 0
 423 0042 E0B1     		cbz	r0, .L35
 424 0044 15E0     		b	.L46
 425              	.LVL38:
 426              	.L41:
 427              	.LBB2:
 225:main.c        ****                 {
 226:main.c        ****                     for(int i=0; i<dataSize; i++)
 227:main.c        ****                     {
 228:main.c        ****                         if((buffer[i] == '\r') || (buffer[i] == '\n'))
 428              		.loc 1 228 0
 429 0046 10AB     		add	r3, sp, #64
 430 0048 3344     		add	r3, r3, r6
 431 004a 13F80C3C 		ldrb	r3, [r3, #-12]	@ zero_extendqisi2
 432 004e 0D2B     		cmp	r3, #13
 433 0050 01D0     		beq	.L38
 434              		.loc 1 228 0 is_stmt 0 discriminator 1
 435 0052 0A2B     		cmp	r3, #10
 436 0054 06D1     		bne	.L39
 437              	.L38:
 438              	.LVL39:
 229:main.c        ****                         {
 230:main.c        ****                             endOfData = true;
 231:main.c        ****                             USBUART_PutCRLF();
 439              		.loc 1 231 0 is_stmt 1
 440 0056 FFF7FEFF 		bl	USBUART_PutCRLF
 441              	.LVL40:
 232:main.c        ****                             USBUART_PutString("Enter is pressed");
 442              		.loc 1 232 0
 443 005a 1948     		ldr	r0, .L48+16
 444 005c FFF7FEFF 		bl	USBUART_PutString
 445              	.LVL41:
 230:main.c        ****                             USBUART_PutCRLF();
 446              		.loc 1 230 0
 447 0060 0125     		movs	r5, #1
 448              		.loc 1 232 0
 449 0062 04E0     		b	.L40
ARM GAS  C:\Users\winstona\AppData\Local\Temp\cca5lowe.s 			page 13


 450              	.LVL42:
 451              	.L39:
 233:main.c        ****                         }
 234:main.c        ****                         else
 235:main.c        ****                         {
 236:main.c        ****                             data[dataPosition]=buffer[i];
 452              		.loc 1 236 0
 453 0064 10AA     		add	r2, sp, #64
 454 0066 2244     		add	r2, r2, r4
 455 0068 02F83C3C 		strb	r3, [r2, #-60]
 237:main.c        ****                             dataPosition++;
 456              		.loc 1 237 0
 457 006c 0134     		adds	r4, r4, #1
 458              	.LVL43:
 459              	.L40:
 226:main.c        ****                     {
 460              		.loc 1 226 0 discriminator 2
 461 006e 0136     		adds	r6, r6, #1
 462              	.LVL44:
 463 0070 00E0     		b	.L36
 464              	.LVL45:
 465              	.L46:
 466              	.LBE2:
 467 0072 0026     		movs	r6, #0
 468              	.LVL46:
 469              	.L36:
 470              	.LBB3:
 226:main.c        ****                     {
 471              		.loc 1 226 0 is_stmt 0 discriminator 1
 472 0074 BE42     		cmp	r6, r7
 473 0076 E6DB     		blt	.L41
 474 0078 01E0     		b	.L35
 475              	.LVL47:
 476              	.L34:
 477              	.LBE3:
 478 007a 0025     		movs	r5, #0
 479 007c 2C46     		mov	r4, r5
 480              	.LVL48:
 481              	.L35:
 217:main.c        ****             // Check for input data
 482              		.loc 1 217 0 is_stmt 1
 483 007e 002D     		cmp	r5, #0
 484 0080 D8D0     		beq	.L43
 238:main.c        ****                         }
 239:main.c        ****                     }                  
 240:main.c        ****                 }
 241:main.c        ****             }
 242:main.c        ****         }
 243:main.c        ****         
 244:main.c        ****         data[dataPosition]='\0'; // Writes an ending null terminator char.
 485              		.loc 1 244 0
 486 0082 10AB     		add	r3, sp, #64
 487 0084 1C44     		add	r4, r4, r3
 488              	.LVL49:
 489 0086 0023     		movs	r3, #0
 490 0088 04F83C3C 		strb	r3, [r4, #-60]
 245:main.c        ****         
ARM GAS  C:\Users\winstona\AppData\Local\Temp\cca5lowe.s 			page 14


 246:main.c        ****         dataPtr = data;
 491              		.loc 1 246 0
 492 008c 01AA     		add	r2, sp, #4
 493 008e 0D4B     		ldr	r3, .L48+20
 494 0090 1A60     		str	r2, [r3]
 247:main.c        ****         firstHalfBit = true;
 495              		.loc 1 247 0
 496 0092 0122     		movs	r2, #1
 497 0094 0C4B     		ldr	r3, .L48+24
 498 0096 1A70     		strb	r2, [r3]
 248:main.c        ****         idx = 7;
 499              		.loc 1 248 0
 500 0098 0722     		movs	r2, #7
 501 009a 0C4B     		ldr	r3, .L48+28
 502 009c 5A60     		str	r2, [r3, #4]
 249:main.c        ****         
 250:main.c        ****         TransmitISR_StartEx(TransmitInterruptHandler);
 503              		.loc 1 250 0
 504 009e 0C48     		ldr	r0, .L48+32
 505 00a0 FFF7FEFF 		bl	TransmitISR_StartEx
 506              	.LVL50:
 507              	.L44:
 251:main.c        ****         while (systemState != IDLE); // Wait for lines to be idle
 508              		.loc 1 251 0 discriminator 1
 509 00a4 0B4B     		ldr	r3, .L48+36
 510 00a6 1B78     		ldrb	r3, [r3]	@ zero_extendqisi2
 511 00a8 022B     		cmp	r3, #2
 512 00aa FBD1     		bne	.L44
 513              	.L45:
 514 00ac FEE7     		b	.L45
 515              	.L49:
 516 00ae 00BF     		.align	2
 517              	.L48:
 518 00b0 00000000 		.word	RisingEdgeInterruptHandler
 519 00b4 00000000 		.word	FallingEdgeInterruptHandler
 520 00b8 00000000 		.word	ReceiveInterruptHandler
 521 00bc 00000000 		.word	USBUART_device
 522 00c0 00000000 		.word	.LC0
 523 00c4 00000000 		.word	dataPtr
 524 00c8 00000000 		.word	firstHalfBit
 525 00cc 00000000 		.word	.LANCHOR0
 526 00d0 00000000 		.word	TransmitInterruptHandler
 527 00d4 00000000 		.word	systemState
 528              		.cfi_endproc
 529              	.LFE69:
 530              		.size	main, .-main
 531              		.global	collisionDelay
 532              		.comm	dataPtr,4,4
 533              		.comm	firstHalfBit,1,1
 534              		.global	idx
 535              		.global	logicLevel
 536              		.comm	systemState,1,1
 537              		.section	.rodata.str1.4,"aMS",%progbits,1
 538              		.align	2
 539              	.LC0:
 540 0000 456E7465 		.ascii	"Enter is pressed\000"
 540      72206973 
ARM GAS  C:\Users\winstona\AppData\Local\Temp\cca5lowe.s 			page 15


 540      20707265 
 540      73736564 
 540      00
 541              		.bss
 542              		.align	2
 543              		.set	.LANCHOR0,. + 0
 544              		.type	logicLevel, %object
 545              		.size	logicLevel, 1
 546              	logicLevel:
 547 0000 00       		.space	1
 548 0001 000000   		.space	3
 549              		.type	idx, %object
 550              		.size	idx, 4
 551              	idx:
 552 0004 00000000 		.space	4
 553              		.type	collisionDelay, %object
 554              		.size	collisionDelay, 1
 555              	collisionDelay:
 556 0008 00       		.space	1
 557              		.text
 558              	.Letext0:
 559              		.file 2 "c:\\program files (x86)\\cypress\\psoc creator\\4.1\\psoc creator\\import\\gnu\\arm\\5.4.
 560              		.file 3 "c:\\program files (x86)\\cypress\\psoc creator\\4.1\\psoc creator\\import\\gnu\\arm\\5.4.
 561              		.file 4 "Generated_Source\\PSoC5/cytypes.h"
 562              		.file 5 "Generated_Source\\PSoC5/USBUART.h"
 563              		.file 6 "Generated_Source\\PSoC5/core_cm3.h"
 564              		.file 7 "Generated_Source\\PSoC5/COLLISION.h"
 565              		.file 8 "Generated_Source\\PSoC5/IDLE.h"
 566              		.file 9 "Generated_Source\\PSoC5/BUSY.h"
 567              		.file 10 "Generated_Source\\PSoC5/TRANSMIT.h"
 568              		.file 11 "Generated_Source\\PSoC5/TransmitISR.h"
 569              		.file 12 "Generated_Source\\PSoC5/RisingEdgeISR.h"
 570              		.file 13 "Generated_Source\\PSoC5/TimerRX.h"
 571              		.file 14 "Generated_Source\\PSoC5/FallingEdgeISR.h"
 572              		.file 15 "Generated_Source\\PSoC5/USBUART_cdc.h"
 573              		.file 16 "Generated_Source\\PSoC5/ReceiveISR.h"
 574              		.section	.debug_info,"",%progbits
 575              	.Ldebug_info0:
 576 0000 13060000 		.4byte	0x613
 577 0004 0400     		.2byte	0x4
 578 0006 00000000 		.4byte	.Ldebug_abbrev0
 579 000a 04       		.byte	0x4
 580 000b 01       		.uleb128 0x1
 581 000c F0030000 		.4byte	.LASF63
 582 0010 0C       		.byte	0xc
 583 0011 2D030000 		.4byte	.LASF64
 584 0015 FB010000 		.4byte	.LASF65
 585 0019 18000000 		.4byte	.Ldebug_ranges0+0x18
 586 001d 00000000 		.4byte	0
 587 0021 00000000 		.4byte	.Ldebug_line0
 588 0025 02       		.uleb128 0x2
 589 0026 01       		.byte	0x1
 590 0027 06       		.byte	0x6
 591 0028 D8010000 		.4byte	.LASF0
 592 002c 02       		.uleb128 0x2
 593 002d 01       		.byte	0x1
 594 002e 08       		.byte	0x8
ARM GAS  C:\Users\winstona\AppData\Local\Temp\cca5lowe.s 			page 16


 595 002f BE010000 		.4byte	.LASF1
 596 0033 02       		.uleb128 0x2
 597 0034 02       		.byte	0x2
 598 0035 05       		.byte	0x5
 599 0036 53000000 		.4byte	.LASF2
 600 003a 02       		.uleb128 0x2
 601 003b 02       		.byte	0x2
 602 003c 07       		.byte	0x7
 603 003d 80020000 		.4byte	.LASF3
 604 0041 03       		.uleb128 0x3
 605 0042 86030000 		.4byte	.LASF9
 606 0046 02       		.byte	0x2
 607 0047 3F       		.byte	0x3f
 608 0048 4C000000 		.4byte	0x4c
 609 004c 02       		.uleb128 0x2
 610 004d 04       		.byte	0x4
 611 004e 05       		.byte	0x5
 612 004f 48010000 		.4byte	.LASF4
 613 0053 02       		.uleb128 0x2
 614 0054 04       		.byte	0x4
 615 0055 07       		.byte	0x7
 616 0056 39030000 		.4byte	.LASF5
 617 005a 02       		.uleb128 0x2
 618 005b 08       		.byte	0x8
 619 005c 05       		.byte	0x5
 620 005d FC000000 		.4byte	.LASF6
 621 0061 02       		.uleb128 0x2
 622 0062 08       		.byte	0x8
 623 0063 07       		.byte	0x7
 624 0064 E4010000 		.4byte	.LASF7
 625 0068 04       		.uleb128 0x4
 626 0069 04       		.byte	0x4
 627 006a 05       		.byte	0x5
 628 006b 696E7400 		.ascii	"int\000"
 629 006f 02       		.uleb128 0x2
 630 0070 04       		.byte	0x4
 631 0071 07       		.byte	0x7
 632 0072 58020000 		.4byte	.LASF8
 633 0076 03       		.uleb128 0x3
 634 0077 B1020000 		.4byte	.LASF10
 635 007b 03       		.byte	0x3
 636 007c 2C       		.byte	0x2c
 637 007d 41000000 		.4byte	0x41
 638 0081 05       		.uleb128 0x5
 639 0082 B7000000 		.4byte	.LASF11
 640 0086 04       		.byte	0x4
 641 0087 9201     		.2byte	0x192
 642 0089 2C000000 		.4byte	0x2c
 643 008d 02       		.uleb128 0x2
 644 008e 04       		.byte	0x4
 645 008f 04       		.byte	0x4
 646 0090 DD000000 		.4byte	.LASF12
 647 0094 02       		.uleb128 0x2
 648 0095 08       		.byte	0x8
 649 0096 04       		.byte	0x4
 650 0097 4B030000 		.4byte	.LASF13
 651 009b 02       		.uleb128 0x2
ARM GAS  C:\Users\winstona\AppData\Local\Temp\cca5lowe.s 			page 17


 652 009c 01       		.byte	0x1
 653 009d 08       		.byte	0x8
 654 009e AC020000 		.4byte	.LASF14
 655 00a2 05       		.uleb128 0x5
 656 00a3 34030000 		.4byte	.LASF15
 657 00a7 04       		.byte	0x4
 658 00a8 3C02     		.2byte	0x23c
 659 00aa AE000000 		.4byte	0xae
 660 00ae 06       		.uleb128 0x6
 661 00af 81000000 		.4byte	0x81
 662 00b3 02       		.uleb128 0x2
 663 00b4 08       		.byte	0x8
 664 00b5 04       		.byte	0x4
 665 00b6 A5010000 		.4byte	.LASF16
 666 00ba 02       		.uleb128 0x2
 667 00bb 04       		.byte	0x4
 668 00bc 07       		.byte	0x7
 669 00bd 5D000000 		.4byte	.LASF17
 670 00c1 07       		.uleb128 0x7
 671 00c2 04       		.byte	0x4
 672 00c3 9B000000 		.4byte	0x9b
 673 00c7 08       		.uleb128 0x8
 674 00c8 35000000 		.4byte	.LASF66
 675 00cc 01       		.byte	0x1
 676 00cd 2C000000 		.4byte	0x2c
 677 00d1 01       		.byte	0x1
 678 00d2 25       		.byte	0x25
 679 00d3 EA000000 		.4byte	0xea
 680 00d7 09       		.uleb128 0x9
 681 00d8 93020000 		.4byte	.LASF18
 682 00dc 00       		.byte	0
 683 00dd 09       		.uleb128 0x9
 684 00de 89010000 		.4byte	.LASF19
 685 00e2 01       		.byte	0x1
 686 00e3 09       		.uleb128 0x9
 687 00e4 BD000000 		.4byte	.LASF20
 688 00e8 02       		.byte	0x2
 689 00e9 00       		.byte	0
 690 00ea 0A       		.uleb128 0xa
 691 00eb 3B000000 		.4byte	.LASF21
 692 00ef 01       		.byte	0x1
 693 00f0 3F       		.byte	0x3f
 694 00f1 00000000 		.4byte	.LFB64
 695 00f5 4C000000 		.4byte	.LFE64-.LFB64
 696 00f9 01       		.uleb128 0x1
 697 00fa 9C       		.byte	0x9c
 698 00fb 6E010000 		.4byte	0x16e
 699 00ff 0B       		.uleb128 0xb
 700 0100 16000000 		.4byte	.LVL0
 701 0104 16050000 		.4byte	0x516
 702 0108 12010000 		.4byte	0x112
 703 010c 0C       		.uleb128 0xc
 704 010d 01       		.uleb128 0x1
 705 010e 50       		.byte	0x50
 706 010f 01       		.uleb128 0x1
 707 0110 31       		.byte	0x31
 708 0111 00       		.byte	0
ARM GAS  C:\Users\winstona\AppData\Local\Temp\cca5lowe.s 			page 18


 709 0112 0B       		.uleb128 0xb
 710 0113 1C000000 		.4byte	.LVL1
 711 0117 21050000 		.4byte	0x521
 712 011b 25010000 		.4byte	0x125
 713 011f 0C       		.uleb128 0xc
 714 0120 01       		.uleb128 0x1
 715 0121 50       		.byte	0x50
 716 0122 01       		.uleb128 0x1
 717 0123 30       		.byte	0x30
 718 0124 00       		.byte	0
 719 0125 0B       		.uleb128 0xb
 720 0126 22000000 		.4byte	.LVL2
 721 012a 2C050000 		.4byte	0x52c
 722 012e 38010000 		.4byte	0x138
 723 0132 0C       		.uleb128 0xc
 724 0133 01       		.uleb128 0x1
 725 0134 50       		.byte	0x50
 726 0135 01       		.uleb128 0x1
 727 0136 30       		.byte	0x30
 728 0137 00       		.byte	0
 729 0138 0B       		.uleb128 0xb
 730 0139 30000000 		.4byte	.LVL3
 731 013d 16050000 		.4byte	0x516
 732 0141 4B010000 		.4byte	0x14b
 733 0145 0C       		.uleb128 0xc
 734 0146 01       		.uleb128 0x1
 735 0147 50       		.byte	0x50
 736 0148 01       		.uleb128 0x1
 737 0149 30       		.byte	0x30
 738 014a 00       		.byte	0
 739 014b 0B       		.uleb128 0xb
 740 014c 36000000 		.4byte	.LVL4
 741 0150 21050000 		.4byte	0x521
 742 0154 5E010000 		.4byte	0x15e
 743 0158 0C       		.uleb128 0xc
 744 0159 01       		.uleb128 0x1
 745 015a 50       		.byte	0x50
 746 015b 01       		.uleb128 0x1
 747 015c 31       		.byte	0x31
 748 015d 00       		.byte	0
 749 015e 0D       		.uleb128 0xd
 750 015f 3C000000 		.4byte	.LVL5
 751 0163 2C050000 		.4byte	0x52c
 752 0167 0C       		.uleb128 0xc
 753 0168 01       		.uleb128 0x1
 754 0169 50       		.byte	0x50
 755 016a 01       		.uleb128 0x1
 756 016b 30       		.byte	0x30
 757 016c 00       		.byte	0
 758 016d 00       		.byte	0
 759 016e 0A       		.uleb128 0xa
 760 016f 2F010000 		.4byte	.LASF22
 761 0173 01       		.byte	0x1
 762 0174 52       		.byte	0x52
 763 0175 00000000 		.4byte	.LFB65
 764 0179 80000000 		.4byte	.LFE65-.LFB65
 765 017d 01       		.uleb128 0x1
ARM GAS  C:\Users\winstona\AppData\Local\Temp\cca5lowe.s 			page 19


 766 017e 9C       		.byte	0x9c
 767 017f CB010000 		.4byte	0x1cb
 768 0183 0B       		.uleb128 0xb
 769 0184 14000000 		.4byte	.LVL6
 770 0188 37050000 		.4byte	0x537
 771 018c 96010000 		.4byte	0x196
 772 0190 0C       		.uleb128 0xc
 773 0191 01       		.uleb128 0x1
 774 0192 50       		.byte	0x50
 775 0193 01       		.uleb128 0x1
 776 0194 30       		.byte	0x30
 777 0195 00       		.byte	0
 778 0196 0E       		.uleb128 0xe
 779 0197 18000000 		.4byte	.LVL7
 780 019b 42050000 		.4byte	0x542
 781 019f 0B       		.uleb128 0xb
 782 01a0 2E000000 		.4byte	.LVL8
 783 01a4 37050000 		.4byte	0x537
 784 01a8 B2010000 		.4byte	0x1b2
 785 01ac 0C       		.uleb128 0xc
 786 01ad 01       		.uleb128 0x1
 787 01ae 50       		.byte	0x50
 788 01af 01       		.uleb128 0x1
 789 01b0 31       		.byte	0x31
 790 01b1 00       		.byte	0
 791 01b2 0E       		.uleb128 0xe
 792 01b3 3C000000 		.4byte	.LVL9
 793 01b7 37050000 		.4byte	0x537
 794 01bb 0D       		.uleb128 0xd
 795 01bc 4A000000 		.4byte	.LVL10
 796 01c0 37050000 		.4byte	0x537
 797 01c4 0C       		.uleb128 0xc
 798 01c5 01       		.uleb128 0x1
 799 01c6 50       		.byte	0x50
 800 01c7 01       		.uleb128 0x1
 801 01c8 30       		.byte	0x30
 802 01c9 00       		.byte	0
 803 01ca 00       		.byte	0
 804 01cb 0A       		.uleb128 0xa
 805 01cc 7E040000 		.4byte	.LASF23
 806 01d0 01       		.byte	0x1
 807 01d1 7B       		.byte	0x7b
 808 01d2 00000000 		.4byte	.LFB66
 809 01d6 48000000 		.4byte	.LFE66-.LFB66
 810 01da 01       		.uleb128 0x1
 811 01db 9C       		.byte	0x9c
 812 01dc 5B020000 		.4byte	0x25b
 813 01e0 0E       		.uleb128 0xe
 814 01e1 0C000000 		.4byte	.LVL11
 815 01e5 4D050000 		.4byte	0x54d
 816 01e9 0E       		.uleb128 0xe
 817 01ea 10000000 		.4byte	.LVL12
 818 01ee 58050000 		.4byte	0x558
 819 01f2 0B       		.uleb128 0xb
 820 01f3 16000000 		.4byte	.LVL13
 821 01f7 63050000 		.4byte	0x563
 822 01fb 06020000 		.4byte	0x206
ARM GAS  C:\Users\winstona\AppData\Local\Temp\cca5lowe.s 			page 20


 823 01ff 0C       		.uleb128 0xc
 824 0200 01       		.uleb128 0x1
 825 0201 50       		.byte	0x50
 826 0202 02       		.uleb128 0x2
 827 0203 08       		.byte	0x8
 828 0204 34       		.byte	0x34
 829 0205 00       		.byte	0
 830 0206 0B       		.uleb128 0xb
 831 0207 1C000000 		.4byte	.LVL14
 832 020b 6E050000 		.4byte	0x56e
 833 020f 1A020000 		.4byte	0x21a
 834 0213 0C       		.uleb128 0xc
 835 0214 01       		.uleb128 0x1
 836 0215 50       		.byte	0x50
 837 0216 02       		.uleb128 0x2
 838 0217 08       		.byte	0x8
 839 0218 33       		.byte	0x33
 840 0219 00       		.byte	0
 841 021a 0E       		.uleb128 0xe
 842 021b 20000000 		.4byte	.LVL15
 843 021f 79050000 		.4byte	0x579
 844 0223 0B       		.uleb128 0xb
 845 0224 30000000 		.4byte	.LVL16
 846 0228 2C050000 		.4byte	0x52c
 847 022c 36020000 		.4byte	0x236
 848 0230 0C       		.uleb128 0xc
 849 0231 01       		.uleb128 0x1
 850 0232 50       		.byte	0x50
 851 0233 01       		.uleb128 0x1
 852 0234 31       		.byte	0x31
 853 0235 00       		.byte	0
 854 0236 0B       		.uleb128 0xb
 855 0237 36000000 		.4byte	.LVL17
 856 023b 16050000 		.4byte	0x516
 857 023f 4A020000 		.4byte	0x24a
 858 0243 0C       		.uleb128 0xc
 859 0244 01       		.uleb128 0x1
 860 0245 50       		.byte	0x50
 861 0246 02       		.uleb128 0x2
 862 0247 74       		.byte	0x74
 863 0248 00       		.sleb128 0
 864 0249 00       		.byte	0
 865 024a 0D       		.uleb128 0xd
 866 024b 3C000000 		.4byte	.LVL18
 867 024f 21050000 		.4byte	0x521
 868 0253 0C       		.uleb128 0xc
 869 0254 01       		.uleb128 0x1
 870 0255 50       		.byte	0x50
 871 0256 02       		.uleb128 0x2
 872 0257 74       		.byte	0x74
 873 0258 00       		.sleb128 0
 874 0259 00       		.byte	0
 875 025a 00       		.byte	0
 876 025b 0A       		.uleb128 0xa
 877 025c 6D010000 		.4byte	.LASF24
 878 0260 01       		.byte	0x1
 879 0261 98       		.byte	0x98
ARM GAS  C:\Users\winstona\AppData\Local\Temp\cca5lowe.s 			page 21


 880 0262 00000000 		.4byte	.LFB67
 881 0266 4C000000 		.4byte	.LFE67-.LFB67
 882 026a 01       		.uleb128 0x1
 883 026b 9C       		.byte	0x9c
 884 026c ED020000 		.4byte	0x2ed
 885 0270 0E       		.uleb128 0xe
 886 0271 0C000000 		.4byte	.LVL19
 887 0275 84050000 		.4byte	0x584
 888 0279 0E       		.uleb128 0xe
 889 027a 10000000 		.4byte	.LVL20
 890 027e 58050000 		.4byte	0x558
 891 0282 0B       		.uleb128 0xb
 892 0283 18000000 		.4byte	.LVL21
 893 0287 63050000 		.4byte	0x563
 894 028b 97020000 		.4byte	0x297
 895 028f 0C       		.uleb128 0xc
 896 0290 01       		.uleb128 0x1
 897 0291 50       		.byte	0x50
 898 0292 03       		.uleb128 0x3
 899 0293 0A       		.byte	0xa
 900 0294 3E03     		.2byte	0x33e
 901 0296 00       		.byte	0
 902 0297 0B       		.uleb128 0xb
 903 0298 20000000 		.4byte	.LVL22
 904 029c 6E050000 		.4byte	0x56e
 905 02a0 AC020000 		.4byte	0x2ac
 906 02a4 0C       		.uleb128 0xc
 907 02a5 01       		.uleb128 0x1
 908 02a6 50       		.byte	0x50
 909 02a7 03       		.uleb128 0x3
 910 02a8 0A       		.byte	0xa
 911 02a9 3D03     		.2byte	0x33d
 912 02ab 00       		.byte	0
 913 02ac 0E       		.uleb128 0xe
 914 02ad 24000000 		.4byte	.LVL23
 915 02b1 79050000 		.4byte	0x579
 916 02b5 0B       		.uleb128 0xb
 917 02b6 34000000 		.4byte	.LVL24
 918 02ba 2C050000 		.4byte	0x52c
 919 02be C8020000 		.4byte	0x2c8
 920 02c2 0C       		.uleb128 0xc
 921 02c3 01       		.uleb128 0x1
 922 02c4 50       		.byte	0x50
 923 02c5 01       		.uleb128 0x1
 924 02c6 31       		.byte	0x31
 925 02c7 00       		.byte	0
 926 02c8 0B       		.uleb128 0xb
 927 02c9 3A000000 		.4byte	.LVL25
 928 02cd 16050000 		.4byte	0x516
 929 02d1 DC020000 		.4byte	0x2dc
 930 02d5 0C       		.uleb128 0xc
 931 02d6 01       		.uleb128 0x1
 932 02d7 50       		.byte	0x50
 933 02d8 02       		.uleb128 0x2
 934 02d9 74       		.byte	0x74
 935 02da 00       		.sleb128 0
 936 02db 00       		.byte	0
ARM GAS  C:\Users\winstona\AppData\Local\Temp\cca5lowe.s 			page 22


 937 02dc 0D       		.uleb128 0xd
 938 02dd 40000000 		.4byte	.LVL26
 939 02e1 21050000 		.4byte	0x521
 940 02e5 0C       		.uleb128 0xc
 941 02e6 01       		.uleb128 0x1
 942 02e7 50       		.byte	0x50
 943 02e8 02       		.uleb128 0x2
 944 02e9 74       		.byte	0x74
 945 02ea 00       		.sleb128 0
 946 02eb 00       		.byte	0
 947 02ec 00       		.byte	0
 948 02ed 0F       		.uleb128 0xf
 949 02ee 0A010000 		.4byte	.LASF67
 950 02f2 01       		.byte	0x1
 951 02f3 AB       		.byte	0xab
 952 02f4 00000000 		.4byte	.LFB68
 953 02f8 0C000000 		.4byte	.LFE68-.LFB68
 954 02fc 01       		.uleb128 0x1
 955 02fd 9C       		.byte	0x9c
 956 02fe 10       		.uleb128 0x10
 957 02ff 82000000 		.4byte	.LASF68
 958 0303 01       		.byte	0x1
 959 0304 BB       		.byte	0xbb
 960 0305 68000000 		.4byte	0x68
 961 0309 00000000 		.4byte	.LFB69
 962 030d D8000000 		.4byte	.LFE69-.LFB69
 963 0311 01       		.uleb128 0x1
 964 0312 9C       		.byte	0x9c
 965 0313 5C040000 		.4byte	0x45c
 966 0317 11       		.uleb128 0x11
 967 0318 87000000 		.4byte	.LASF25
 968 031c 01       		.byte	0x1
 969 031d C3       		.byte	0xc3
 970 031e 68000000 		.4byte	0x68
 971 0322 F401     		.2byte	0x1f4
 972 0324 12       		.uleb128 0x12
 973 0325 C2000000 		.4byte	.LASF26
 974 0329 01       		.byte	0x1
 975 032a C4       		.byte	0xc4
 976 032b 68000000 		.4byte	0x68
 977 032f 00000000 		.4byte	.LLST0
 978 0333 12       		.uleb128 0x12
 979 0334 75000000 		.4byte	.LASF27
 980 0338 01       		.byte	0x1
 981 0339 C5       		.byte	0xc5
 982 033a 68000000 		.4byte	0x68
 983 033e 4C000000 		.4byte	.LLST1
 984 0342 12       		.uleb128 0x12
 985 0343 6D030000 		.4byte	.LASF28
 986 0347 01       		.byte	0x1
 987 0348 C6       		.byte	0xc6
 988 0349 5C040000 		.4byte	0x45c
 989 034d 82000000 		.4byte	.LLST2
 990 0351 13       		.uleb128 0x13
 991 0352 FA020000 		.4byte	.LASF29
 992 0356 01       		.byte	0x1
 993 0357 C7       		.byte	0xc7
ARM GAS  C:\Users\winstona\AppData\Local\Temp\cca5lowe.s 			page 23


 994 0358 63040000 		.4byte	0x463
 995 035c 02       		.uleb128 0x2
 996 035d 91       		.byte	0x91
 997 035e 5C       		.sleb128 -36
 998 035f 13       		.uleb128 0x13
 999 0360 DE020000 		.4byte	.LASF30
 1000 0364 01       		.byte	0x1
 1001 0365 C8       		.byte	0xc8
 1002 0366 73040000 		.4byte	0x473
 1003 036a 03       		.uleb128 0x3
 1004 036b 91       		.byte	0x91
 1005 036c AC7F     		.sleb128 -84
 1006 036e 14       		.uleb128 0x14
 1007 036f 93010000 		.4byte	.LASF31
 1008 0373 01       		.byte	0x1
 1009 0374 C9       		.byte	0xc9
 1010 0375 5C040000 		.4byte	0x45c
 1011 0379 00       		.byte	0
 1012 037a 15       		.uleb128 0x15
 1013 037b 60010000 		.4byte	.LASF69
 1014 037f 01       		.byte	0x1
 1015 0380 CA       		.byte	0xca
 1016 0381 83040000 		.4byte	0x483
 1017 0385 16       		.uleb128 0x16
 1018 0386 00000000 		.4byte	.Ldebug_ranges0+0
 1019 038a B8030000 		.4byte	0x3b8
 1020 038e 17       		.uleb128 0x17
 1021 038f 6900     		.ascii	"i\000"
 1022 0391 01       		.byte	0x1
 1023 0392 E2       		.byte	0xe2
 1024 0393 68000000 		.4byte	0x68
 1025 0397 CF000000 		.4byte	.LLST3
 1026 039b 0E       		.uleb128 0xe
 1027 039c 5A000000 		.4byte	.LVL40
 1028 03a0 8F050000 		.4byte	0x58f
 1029 03a4 0D       		.uleb128 0xd
 1030 03a5 60000000 		.4byte	.LVL41
 1031 03a9 9A050000 		.4byte	0x59a
 1032 03ad 0C       		.uleb128 0xc
 1033 03ae 01       		.uleb128 0x1
 1034 03af 50       		.byte	0x50
 1035 03b0 05       		.uleb128 0x5
 1036 03b1 03       		.byte	0x3
 1037 03b2 00000000 		.4byte	.LC0
 1038 03b6 00       		.byte	0
 1039 03b7 00       		.byte	0
 1040 03b8 0B       		.uleb128 0xb
 1041 03b9 0C000000 		.4byte	.LVL27
 1042 03bd A5050000 		.4byte	0x5a5
 1043 03c1 CF030000 		.4byte	0x3cf
 1044 03c5 0C       		.uleb128 0xc
 1045 03c6 01       		.uleb128 0x1
 1046 03c7 50       		.byte	0x50
 1047 03c8 05       		.uleb128 0x5
 1048 03c9 03       		.byte	0x3
 1049 03ca 00000000 		.4byte	RisingEdgeInterruptHandler
 1050 03ce 00       		.byte	0
ARM GAS  C:\Users\winstona\AppData\Local\Temp\cca5lowe.s 			page 24


 1051 03cf 0B       		.uleb128 0xb
 1052 03d0 12000000 		.4byte	.LVL28
 1053 03d4 B0050000 		.4byte	0x5b0
 1054 03d8 E6030000 		.4byte	0x3e6
 1055 03dc 0C       		.uleb128 0xc
 1056 03dd 01       		.uleb128 0x1
 1057 03de 50       		.byte	0x50
 1058 03df 05       		.uleb128 0x5
 1059 03e0 03       		.byte	0x3
 1060 03e1 00000000 		.4byte	FallingEdgeInterruptHandler
 1061 03e5 00       		.byte	0
 1062 03e6 0B       		.uleb128 0xb
 1063 03e7 18000000 		.4byte	.LVL29
 1064 03eb BB050000 		.4byte	0x5bb
 1065 03ef FD030000 		.4byte	0x3fd
 1066 03f3 0C       		.uleb128 0xc
 1067 03f4 01       		.uleb128 0x1
 1068 03f5 50       		.byte	0x50
 1069 03f6 05       		.uleb128 0x5
 1070 03f7 03       		.byte	0x3
 1071 03f8 00000000 		.4byte	ReceiveInterruptHandler
 1072 03fc 00       		.byte	0
 1073 03fd 0B       		.uleb128 0xb
 1074 03fe 22000000 		.4byte	.LVL30
 1075 0402 C6050000 		.4byte	0x5c6
 1076 0406 10040000 		.4byte	0x410
 1077 040a 0C       		.uleb128 0xc
 1078 040b 01       		.uleb128 0x1
 1079 040c 51       		.byte	0x51
 1080 040d 01       		.uleb128 0x1
 1081 040e 31       		.byte	0x31
 1082 040f 00       		.byte	0
 1083 0410 0E       		.uleb128 0xe
 1084 0411 26000000 		.4byte	.LVL31
 1085 0415 D2050000 		.4byte	0x5d2
 1086 0419 0E       		.uleb128 0xe
 1087 041a 2C000000 		.4byte	.LVL32
 1088 041e DE050000 		.4byte	0x5de
 1089 0422 0E       		.uleb128 0xe
 1090 0423 32000000 		.4byte	.LVL33
 1091 0427 EA050000 		.4byte	0x5ea
 1092 042b 0E       		.uleb128 0xe
 1093 042c 38000000 		.4byte	.LVL35
 1094 0430 F5050000 		.4byte	0x5f5
 1095 0434 0B       		.uleb128 0xb
 1096 0435 40000000 		.4byte	.LVL36
 1097 0439 00060000 		.4byte	0x600
 1098 043d 48040000 		.4byte	0x448
 1099 0441 0C       		.uleb128 0xc
 1100 0442 01       		.uleb128 0x1
 1101 0443 50       		.byte	0x50
 1102 0444 02       		.uleb128 0x2
 1103 0445 91       		.byte	0x91
 1104 0446 5C       		.sleb128 -36
 1105 0447 00       		.byte	0
 1106 0448 0D       		.uleb128 0xd
 1107 0449 A4000000 		.4byte	.LVL50
ARM GAS  C:\Users\winstona\AppData\Local\Temp\cca5lowe.s 			page 25


 1108 044d 0B060000 		.4byte	0x60b
 1109 0451 0C       		.uleb128 0xc
 1110 0452 01       		.uleb128 0x1
 1111 0453 50       		.byte	0x50
 1112 0454 05       		.uleb128 0x5
 1113 0455 03       		.byte	0x3
 1114 0456 00000000 		.4byte	TransmitInterruptHandler
 1115 045a 00       		.byte	0
 1116 045b 00       		.byte	0
 1117 045c 02       		.uleb128 0x2
 1118 045d 01       		.byte	0x1
 1119 045e 02       		.byte	0x2
 1120 045f D8020000 		.4byte	.LASF32
 1121 0463 18       		.uleb128 0x18
 1122 0464 2C000000 		.4byte	0x2c
 1123 0468 73040000 		.4byte	0x473
 1124 046c 19       		.uleb128 0x19
 1125 046d BA000000 		.4byte	0xba
 1126 0471 09       		.byte	0x9
 1127 0472 00       		.byte	0
 1128 0473 18       		.uleb128 0x18
 1129 0474 9B000000 		.4byte	0x9b
 1130 0478 83040000 		.4byte	0x483
 1131 047c 19       		.uleb128 0x19
 1132 047d BA000000 		.4byte	0xba
 1133 0481 2C       		.byte	0x2c
 1134 0482 00       		.byte	0
 1135 0483 18       		.uleb128 0x18
 1136 0484 9B000000 		.4byte	0x9b
 1137 0488 93040000 		.4byte	0x493
 1138 048c 19       		.uleb128 0x19
 1139 048d BA000000 		.4byte	0xba
 1140 0491 08       		.byte	0x8
 1141 0492 00       		.byte	0
 1142 0493 1A       		.uleb128 0x1a
 1143 0494 51010000 		.4byte	.LASF33
 1144 0498 05       		.byte	0x5
 1145 0499 D602     		.2byte	0x2d6
 1146 049b AE000000 		.4byte	0xae
 1147 049f 1A       		.uleb128 0x1a
 1148 04a0 E3030000 		.4byte	.LASF34
 1149 04a4 06       		.byte	0x6
 1150 04a5 1207     		.2byte	0x712
 1151 04a7 AB040000 		.4byte	0x4ab
 1152 04ab 06       		.uleb128 0x6
 1153 04ac 76000000 		.4byte	0x76
 1154 04b0 1B       		.uleb128 0x1b
 1155 04b1 CC010000 		.4byte	.LASF35
 1156 04b5 01       		.byte	0x1
 1157 04b6 25       		.byte	0x25
 1158 04b7 C7000000 		.4byte	0xc7
 1159 04bb 05       		.uleb128 0x5
 1160 04bc 03       		.byte	0x3
 1161 04bd 00000000 		.4byte	systemState
 1162 04c1 1B       		.uleb128 0x1b
 1163 04c2 24010000 		.4byte	.LASF36
 1164 04c6 01       		.byte	0x1
ARM GAS  C:\Users\winstona\AppData\Local\Temp\cca5lowe.s 			page 26


 1165 04c7 27       		.byte	0x27
 1166 04c8 5C040000 		.4byte	0x45c
 1167 04cc 05       		.uleb128 0x5
 1168 04cd 03       		.byte	0x3
 1169 04ce 00000000 		.4byte	logicLevel
 1170 04d2 1C       		.uleb128 0x1c
 1171 04d3 69647800 		.ascii	"idx\000"
 1172 04d7 01       		.byte	0x1
 1173 04d8 29       		.byte	0x29
 1174 04d9 68000000 		.4byte	0x68
 1175 04dd 05       		.uleb128 0x5
 1176 04de 03       		.byte	0x3
 1177 04df 00000000 		.4byte	idx
 1178 04e3 1B       		.uleb128 0x1b
 1179 04e4 B1010000 		.4byte	.LASF37
 1180 04e8 01       		.byte	0x1
 1181 04e9 2A       		.byte	0x2a
 1182 04ea 5C040000 		.4byte	0x45c
 1183 04ee 05       		.uleb128 0x5
 1184 04ef 03       		.byte	0x3
 1185 04f0 00000000 		.4byte	firstHalfBit
 1186 04f4 1B       		.uleb128 0x1b
 1187 04f5 65020000 		.4byte	.LASF38
 1188 04f9 01       		.byte	0x1
 1189 04fa 2B       		.byte	0x2b
 1190 04fb C1000000 		.4byte	0xc1
 1191 04ff 05       		.uleb128 0x5
 1192 0500 03       		.byte	0x3
 1193 0501 00000000 		.4byte	dataPtr
 1194 0505 1B       		.uleb128 0x1b
 1195 0506 77030000 		.4byte	.LASF39
 1196 050a 01       		.byte	0x1
 1197 050b 2C       		.byte	0x2c
 1198 050c 5C040000 		.4byte	0x45c
 1199 0510 05       		.uleb128 0x5
 1200 0511 03       		.byte	0x3
 1201 0512 00000000 		.4byte	collisionDelay
 1202 0516 1D       		.uleb128 0x1d
 1203 0517 1D030000 		.4byte	.LASF40
 1204 051b 1D030000 		.4byte	.LASF40
 1205 051f 07       		.byte	0x7
 1206 0520 26       		.byte	0x26
 1207 0521 1D       		.uleb128 0x1d
 1208 0522 B9020000 		.4byte	.LASF41
 1209 0526 B9020000 		.4byte	.LASF41
 1210 052a 08       		.byte	0x8
 1211 052b 26       		.byte	0x26
 1212 052c 1D       		.uleb128 0x1d
 1213 052d AC000000 		.4byte	.LASF42
 1214 0531 AC000000 		.4byte	.LASF42
 1215 0535 09       		.byte	0x9
 1216 0536 26       		.byte	0x26
 1217 0537 1D       		.uleb128 0x1d
 1218 0538 90030000 		.4byte	.LASF43
 1219 053c 90030000 		.4byte	.LASF43
 1220 0540 0A       		.byte	0xa
 1221 0541 26       		.byte	0x26
ARM GAS  C:\Users\winstona\AppData\Local\Temp\cca5lowe.s 			page 27


 1222 0542 1D       		.uleb128 0x1d
 1223 0543 9B000000 		.4byte	.LASF44
 1224 0547 9B000000 		.4byte	.LASF44
 1225 054b 0B       		.byte	0xb
 1226 054c 19       		.byte	0x19
 1227 054d 1D       		.uleb128 0x1d
 1228 054e 52030000 		.4byte	.LASF45
 1229 0552 52030000 		.4byte	.LASF45
 1230 0556 0C       		.byte	0xc
 1231 0557 28       		.byte	0x28
 1232 0558 1D       		.uleb128 0x1d
 1233 0559 AD040000 		.4byte	.LASF46
 1234 055d AD040000 		.4byte	.LASF46
 1235 0561 0D       		.byte	0xd
 1236 0562 5B       		.byte	0x5b
 1237 0563 1D       		.uleb128 0x1d
 1238 0564 C4020000 		.4byte	.LASF47
 1239 0568 C4020000 		.4byte	.LASF47
 1240 056c 0D       		.byte	0xd
 1241 056d 68       		.byte	0x68
 1242 056e 1D       		.uleb128 0x1d
 1243 056f CE030000 		.4byte	.LASF48
 1244 0573 CE030000 		.4byte	.LASF48
 1245 0577 0D       		.byte	0xd
 1246 0578 6A       		.byte	0x6a
 1247 0579 1D       		.uleb128 0x1d
 1248 057a 9F030000 		.4byte	.LASF49
 1249 057e 9F030000 		.4byte	.LASF49
 1250 0582 0D       		.byte	0xd
 1251 0583 5A       		.byte	0x5a
 1252 0584 1D       		.uleb128 0x1d
 1253 0585 01030000 		.4byte	.LASF50
 1254 0589 01030000 		.4byte	.LASF50
 1255 058d 0E       		.byte	0xe
 1256 058e 28       		.byte	0x28
 1257 058f 1D       		.uleb128 0x1d
 1258 0590 AD030000 		.4byte	.LASF51
 1259 0594 AD030000 		.4byte	.LASF51
 1260 0598 0F       		.byte	0xf
 1261 0599 26       		.byte	0x26
 1262 059a 1D       		.uleb128 0x1d
 1263 059b CB000000 		.4byte	.LASF52
 1264 059f CB000000 		.4byte	.LASF52
 1265 05a3 0F       		.byte	0xf
 1266 05a4 24       		.byte	0x24
 1267 05a5 1D       		.uleb128 0x1d
 1268 05a6 1F000000 		.4byte	.LASF53
 1269 05aa 1F000000 		.4byte	.LASF53
 1270 05ae 0C       		.byte	0xc
 1271 05af 18       		.byte	0x18
 1272 05b0 1D       		.uleb128 0x1d
 1273 05b1 E3020000 		.4byte	.LASF54
 1274 05b5 E3020000 		.4byte	.LASF54
 1275 05b9 0E       		.byte	0xe
 1276 05ba 18       		.byte	0x18
 1277 05bb 1D       		.uleb128 0x1d
 1278 05bc 6D020000 		.4byte	.LASF55
ARM GAS  C:\Users\winstona\AppData\Local\Temp\cca5lowe.s 			page 28


 1279 05c0 6D020000 		.4byte	.LASF55
 1280 05c4 10       		.byte	0x10
 1281 05c5 18       		.byte	0x18
 1282 05c6 1E       		.uleb128 0x1e
 1283 05c7 8D000000 		.4byte	.LASF56
 1284 05cb 8D000000 		.4byte	.LASF56
 1285 05cf 05       		.byte	0x5
 1286 05d0 2E01     		.2byte	0x12e
 1287 05d2 1E       		.uleb128 0x1e
 1288 05d3 00000000 		.4byte	.LASF57
 1289 05d7 00000000 		.4byte	.LASF57
 1290 05db 05       		.byte	0x5
 1291 05dc 3201     		.2byte	0x132
 1292 05de 1E       		.uleb128 0x1e
 1293 05df E3000000 		.4byte	.LASF58
 1294 05e3 E3000000 		.4byte	.LASF58
 1295 05e7 05       		.byte	0x5
 1296 05e8 3101     		.2byte	0x131
 1297 05ea 1D       		.uleb128 0x1d
 1298 05eb BD030000 		.4byte	.LASF59
 1299 05ef BD030000 		.4byte	.LASF59
 1300 05f3 0F       		.byte	0xf
 1301 05f4 22       		.byte	0x22
 1302 05f5 1D       		.uleb128 0x1d
 1303 05f6 99040000 		.4byte	.LASF60
 1304 05fa 99040000 		.4byte	.LASF60
 1305 05fe 0F       		.byte	0xf
 1306 05ff 29       		.byte	0x29
 1307 0600 1D       		.uleb128 0x1d
 1308 0601 66000000 		.4byte	.LASF61
 1309 0605 66000000 		.4byte	.LASF61
 1310 0609 0F       		.byte	0xf
 1311 060a 2B       		.byte	0x2b
 1312 060b 1D       		.uleb128 0x1d
 1313 060c 98020000 		.4byte	.LASF62
 1314 0610 98020000 		.4byte	.LASF62
 1315 0614 0B       		.byte	0xb
 1316 0615 18       		.byte	0x18
 1317 0616 00       		.byte	0
 1318              		.section	.debug_abbrev,"",%progbits
 1319              	.Ldebug_abbrev0:
 1320 0000 01       		.uleb128 0x1
 1321 0001 11       		.uleb128 0x11
 1322 0002 01       		.byte	0x1
 1323 0003 25       		.uleb128 0x25
 1324 0004 0E       		.uleb128 0xe
 1325 0005 13       		.uleb128 0x13
 1326 0006 0B       		.uleb128 0xb
 1327 0007 03       		.uleb128 0x3
 1328 0008 0E       		.uleb128 0xe
 1329 0009 1B       		.uleb128 0x1b
 1330 000a 0E       		.uleb128 0xe
 1331 000b 55       		.uleb128 0x55
 1332 000c 17       		.uleb128 0x17
 1333 000d 11       		.uleb128 0x11
 1334 000e 01       		.uleb128 0x1
 1335 000f 10       		.uleb128 0x10
ARM GAS  C:\Users\winstona\AppData\Local\Temp\cca5lowe.s 			page 29


 1336 0010 17       		.uleb128 0x17
 1337 0011 00       		.byte	0
 1338 0012 00       		.byte	0
 1339 0013 02       		.uleb128 0x2
 1340 0014 24       		.uleb128 0x24
 1341 0015 00       		.byte	0
 1342 0016 0B       		.uleb128 0xb
 1343 0017 0B       		.uleb128 0xb
 1344 0018 3E       		.uleb128 0x3e
 1345 0019 0B       		.uleb128 0xb
 1346 001a 03       		.uleb128 0x3
 1347 001b 0E       		.uleb128 0xe
 1348 001c 00       		.byte	0
 1349 001d 00       		.byte	0
 1350 001e 03       		.uleb128 0x3
 1351 001f 16       		.uleb128 0x16
 1352 0020 00       		.byte	0
 1353 0021 03       		.uleb128 0x3
 1354 0022 0E       		.uleb128 0xe
 1355 0023 3A       		.uleb128 0x3a
 1356 0024 0B       		.uleb128 0xb
 1357 0025 3B       		.uleb128 0x3b
 1358 0026 0B       		.uleb128 0xb
 1359 0027 49       		.uleb128 0x49
 1360 0028 13       		.uleb128 0x13
 1361 0029 00       		.byte	0
 1362 002a 00       		.byte	0
 1363 002b 04       		.uleb128 0x4
 1364 002c 24       		.uleb128 0x24
 1365 002d 00       		.byte	0
 1366 002e 0B       		.uleb128 0xb
 1367 002f 0B       		.uleb128 0xb
 1368 0030 3E       		.uleb128 0x3e
 1369 0031 0B       		.uleb128 0xb
 1370 0032 03       		.uleb128 0x3
 1371 0033 08       		.uleb128 0x8
 1372 0034 00       		.byte	0
 1373 0035 00       		.byte	0
 1374 0036 05       		.uleb128 0x5
 1375 0037 16       		.uleb128 0x16
 1376 0038 00       		.byte	0
 1377 0039 03       		.uleb128 0x3
 1378 003a 0E       		.uleb128 0xe
 1379 003b 3A       		.uleb128 0x3a
 1380 003c 0B       		.uleb128 0xb
 1381 003d 3B       		.uleb128 0x3b
 1382 003e 05       		.uleb128 0x5
 1383 003f 49       		.uleb128 0x49
 1384 0040 13       		.uleb128 0x13
 1385 0041 00       		.byte	0
 1386 0042 00       		.byte	0
 1387 0043 06       		.uleb128 0x6
 1388 0044 35       		.uleb128 0x35
 1389 0045 00       		.byte	0
 1390 0046 49       		.uleb128 0x49
 1391 0047 13       		.uleb128 0x13
 1392 0048 00       		.byte	0
ARM GAS  C:\Users\winstona\AppData\Local\Temp\cca5lowe.s 			page 30


 1393 0049 00       		.byte	0
 1394 004a 07       		.uleb128 0x7
 1395 004b 0F       		.uleb128 0xf
 1396 004c 00       		.byte	0
 1397 004d 0B       		.uleb128 0xb
 1398 004e 0B       		.uleb128 0xb
 1399 004f 49       		.uleb128 0x49
 1400 0050 13       		.uleb128 0x13
 1401 0051 00       		.byte	0
 1402 0052 00       		.byte	0
 1403 0053 08       		.uleb128 0x8
 1404 0054 04       		.uleb128 0x4
 1405 0055 01       		.byte	0x1
 1406 0056 03       		.uleb128 0x3
 1407 0057 0E       		.uleb128 0xe
 1408 0058 0B       		.uleb128 0xb
 1409 0059 0B       		.uleb128 0xb
 1410 005a 49       		.uleb128 0x49
 1411 005b 13       		.uleb128 0x13
 1412 005c 3A       		.uleb128 0x3a
 1413 005d 0B       		.uleb128 0xb
 1414 005e 3B       		.uleb128 0x3b
 1415 005f 0B       		.uleb128 0xb
 1416 0060 01       		.uleb128 0x1
 1417 0061 13       		.uleb128 0x13
 1418 0062 00       		.byte	0
 1419 0063 00       		.byte	0
 1420 0064 09       		.uleb128 0x9
 1421 0065 28       		.uleb128 0x28
 1422 0066 00       		.byte	0
 1423 0067 03       		.uleb128 0x3
 1424 0068 0E       		.uleb128 0xe
 1425 0069 1C       		.uleb128 0x1c
 1426 006a 0B       		.uleb128 0xb
 1427 006b 00       		.byte	0
 1428 006c 00       		.byte	0
 1429 006d 0A       		.uleb128 0xa
 1430 006e 2E       		.uleb128 0x2e
 1431 006f 01       		.byte	0x1
 1432 0070 3F       		.uleb128 0x3f
 1433 0071 19       		.uleb128 0x19
 1434 0072 03       		.uleb128 0x3
 1435 0073 0E       		.uleb128 0xe
 1436 0074 3A       		.uleb128 0x3a
 1437 0075 0B       		.uleb128 0xb
 1438 0076 3B       		.uleb128 0x3b
 1439 0077 0B       		.uleb128 0xb
 1440 0078 27       		.uleb128 0x27
 1441 0079 19       		.uleb128 0x19
 1442 007a 11       		.uleb128 0x11
 1443 007b 01       		.uleb128 0x1
 1444 007c 12       		.uleb128 0x12
 1445 007d 06       		.uleb128 0x6
 1446 007e 40       		.uleb128 0x40
 1447 007f 18       		.uleb128 0x18
 1448 0080 9742     		.uleb128 0x2117
 1449 0082 19       		.uleb128 0x19
ARM GAS  C:\Users\winstona\AppData\Local\Temp\cca5lowe.s 			page 31


 1450 0083 01       		.uleb128 0x1
 1451 0084 13       		.uleb128 0x13
 1452 0085 00       		.byte	0
 1453 0086 00       		.byte	0
 1454 0087 0B       		.uleb128 0xb
 1455 0088 898201   		.uleb128 0x4109
 1456 008b 01       		.byte	0x1
 1457 008c 11       		.uleb128 0x11
 1458 008d 01       		.uleb128 0x1
 1459 008e 31       		.uleb128 0x31
 1460 008f 13       		.uleb128 0x13
 1461 0090 01       		.uleb128 0x1
 1462 0091 13       		.uleb128 0x13
 1463 0092 00       		.byte	0
 1464 0093 00       		.byte	0
 1465 0094 0C       		.uleb128 0xc
 1466 0095 8A8201   		.uleb128 0x410a
 1467 0098 00       		.byte	0
 1468 0099 02       		.uleb128 0x2
 1469 009a 18       		.uleb128 0x18
 1470 009b 9142     		.uleb128 0x2111
 1471 009d 18       		.uleb128 0x18
 1472 009e 00       		.byte	0
 1473 009f 00       		.byte	0
 1474 00a0 0D       		.uleb128 0xd
 1475 00a1 898201   		.uleb128 0x4109
 1476 00a4 01       		.byte	0x1
 1477 00a5 11       		.uleb128 0x11
 1478 00a6 01       		.uleb128 0x1
 1479 00a7 31       		.uleb128 0x31
 1480 00a8 13       		.uleb128 0x13
 1481 00a9 00       		.byte	0
 1482 00aa 00       		.byte	0
 1483 00ab 0E       		.uleb128 0xe
 1484 00ac 898201   		.uleb128 0x4109
 1485 00af 00       		.byte	0
 1486 00b0 11       		.uleb128 0x11
 1487 00b1 01       		.uleb128 0x1
 1488 00b2 31       		.uleb128 0x31
 1489 00b3 13       		.uleb128 0x13
 1490 00b4 00       		.byte	0
 1491 00b5 00       		.byte	0
 1492 00b6 0F       		.uleb128 0xf
 1493 00b7 2E       		.uleb128 0x2e
 1494 00b8 00       		.byte	0
 1495 00b9 3F       		.uleb128 0x3f
 1496 00ba 19       		.uleb128 0x19
 1497 00bb 03       		.uleb128 0x3
 1498 00bc 0E       		.uleb128 0xe
 1499 00bd 3A       		.uleb128 0x3a
 1500 00be 0B       		.uleb128 0xb
 1501 00bf 3B       		.uleb128 0x3b
 1502 00c0 0B       		.uleb128 0xb
 1503 00c1 27       		.uleb128 0x27
 1504 00c2 19       		.uleb128 0x19
 1505 00c3 11       		.uleb128 0x11
 1506 00c4 01       		.uleb128 0x1
ARM GAS  C:\Users\winstona\AppData\Local\Temp\cca5lowe.s 			page 32


 1507 00c5 12       		.uleb128 0x12
 1508 00c6 06       		.uleb128 0x6
 1509 00c7 40       		.uleb128 0x40
 1510 00c8 18       		.uleb128 0x18
 1511 00c9 9742     		.uleb128 0x2117
 1512 00cb 19       		.uleb128 0x19
 1513 00cc 00       		.byte	0
 1514 00cd 00       		.byte	0
 1515 00ce 10       		.uleb128 0x10
 1516 00cf 2E       		.uleb128 0x2e
 1517 00d0 01       		.byte	0x1
 1518 00d1 3F       		.uleb128 0x3f
 1519 00d2 19       		.uleb128 0x19
 1520 00d3 03       		.uleb128 0x3
 1521 00d4 0E       		.uleb128 0xe
 1522 00d5 3A       		.uleb128 0x3a
 1523 00d6 0B       		.uleb128 0xb
 1524 00d7 3B       		.uleb128 0x3b
 1525 00d8 0B       		.uleb128 0xb
 1526 00d9 27       		.uleb128 0x27
 1527 00da 19       		.uleb128 0x19
 1528 00db 49       		.uleb128 0x49
 1529 00dc 13       		.uleb128 0x13
 1530 00dd 8701     		.uleb128 0x87
 1531 00df 19       		.uleb128 0x19
 1532 00e0 11       		.uleb128 0x11
 1533 00e1 01       		.uleb128 0x1
 1534 00e2 12       		.uleb128 0x12
 1535 00e3 06       		.uleb128 0x6
 1536 00e4 40       		.uleb128 0x40
 1537 00e5 18       		.uleb128 0x18
 1538 00e6 9742     		.uleb128 0x2117
 1539 00e8 19       		.uleb128 0x19
 1540 00e9 01       		.uleb128 0x1
 1541 00ea 13       		.uleb128 0x13
 1542 00eb 00       		.byte	0
 1543 00ec 00       		.byte	0
 1544 00ed 11       		.uleb128 0x11
 1545 00ee 34       		.uleb128 0x34
 1546 00ef 00       		.byte	0
 1547 00f0 03       		.uleb128 0x3
 1548 00f1 0E       		.uleb128 0xe
 1549 00f2 3A       		.uleb128 0x3a
 1550 00f3 0B       		.uleb128 0xb
 1551 00f4 3B       		.uleb128 0x3b
 1552 00f5 0B       		.uleb128 0xb
 1553 00f6 49       		.uleb128 0x49
 1554 00f7 13       		.uleb128 0x13
 1555 00f8 1C       		.uleb128 0x1c
 1556 00f9 05       		.uleb128 0x5
 1557 00fa 00       		.byte	0
 1558 00fb 00       		.byte	0
 1559 00fc 12       		.uleb128 0x12
 1560 00fd 34       		.uleb128 0x34
 1561 00fe 00       		.byte	0
 1562 00ff 03       		.uleb128 0x3
 1563 0100 0E       		.uleb128 0xe
ARM GAS  C:\Users\winstona\AppData\Local\Temp\cca5lowe.s 			page 33


 1564 0101 3A       		.uleb128 0x3a
 1565 0102 0B       		.uleb128 0xb
 1566 0103 3B       		.uleb128 0x3b
 1567 0104 0B       		.uleb128 0xb
 1568 0105 49       		.uleb128 0x49
 1569 0106 13       		.uleb128 0x13
 1570 0107 02       		.uleb128 0x2
 1571 0108 17       		.uleb128 0x17
 1572 0109 00       		.byte	0
 1573 010a 00       		.byte	0
 1574 010b 13       		.uleb128 0x13
 1575 010c 34       		.uleb128 0x34
 1576 010d 00       		.byte	0
 1577 010e 03       		.uleb128 0x3
 1578 010f 0E       		.uleb128 0xe
 1579 0110 3A       		.uleb128 0x3a
 1580 0111 0B       		.uleb128 0xb
 1581 0112 3B       		.uleb128 0x3b
 1582 0113 0B       		.uleb128 0xb
 1583 0114 49       		.uleb128 0x49
 1584 0115 13       		.uleb128 0x13
 1585 0116 02       		.uleb128 0x2
 1586 0117 18       		.uleb128 0x18
 1587 0118 00       		.byte	0
 1588 0119 00       		.byte	0
 1589 011a 14       		.uleb128 0x14
 1590 011b 34       		.uleb128 0x34
 1591 011c 00       		.byte	0
 1592 011d 03       		.uleb128 0x3
 1593 011e 0E       		.uleb128 0xe
 1594 011f 3A       		.uleb128 0x3a
 1595 0120 0B       		.uleb128 0xb
 1596 0121 3B       		.uleb128 0x3b
 1597 0122 0B       		.uleb128 0xb
 1598 0123 49       		.uleb128 0x49
 1599 0124 13       		.uleb128 0x13
 1600 0125 1C       		.uleb128 0x1c
 1601 0126 0B       		.uleb128 0xb
 1602 0127 00       		.byte	0
 1603 0128 00       		.byte	0
 1604 0129 15       		.uleb128 0x15
 1605 012a 34       		.uleb128 0x34
 1606 012b 00       		.byte	0
 1607 012c 03       		.uleb128 0x3
 1608 012d 0E       		.uleb128 0xe
 1609 012e 3A       		.uleb128 0x3a
 1610 012f 0B       		.uleb128 0xb
 1611 0130 3B       		.uleb128 0x3b
 1612 0131 0B       		.uleb128 0xb
 1613 0132 49       		.uleb128 0x49
 1614 0133 13       		.uleb128 0x13
 1615 0134 00       		.byte	0
 1616 0135 00       		.byte	0
 1617 0136 16       		.uleb128 0x16
 1618 0137 0B       		.uleb128 0xb
 1619 0138 01       		.byte	0x1
 1620 0139 55       		.uleb128 0x55
ARM GAS  C:\Users\winstona\AppData\Local\Temp\cca5lowe.s 			page 34


 1621 013a 17       		.uleb128 0x17
 1622 013b 01       		.uleb128 0x1
 1623 013c 13       		.uleb128 0x13
 1624 013d 00       		.byte	0
 1625 013e 00       		.byte	0
 1626 013f 17       		.uleb128 0x17
 1627 0140 34       		.uleb128 0x34
 1628 0141 00       		.byte	0
 1629 0142 03       		.uleb128 0x3
 1630 0143 08       		.uleb128 0x8
 1631 0144 3A       		.uleb128 0x3a
 1632 0145 0B       		.uleb128 0xb
 1633 0146 3B       		.uleb128 0x3b
 1634 0147 0B       		.uleb128 0xb
 1635 0148 49       		.uleb128 0x49
 1636 0149 13       		.uleb128 0x13
 1637 014a 02       		.uleb128 0x2
 1638 014b 17       		.uleb128 0x17
 1639 014c 00       		.byte	0
 1640 014d 00       		.byte	0
 1641 014e 18       		.uleb128 0x18
 1642 014f 01       		.uleb128 0x1
 1643 0150 01       		.byte	0x1
 1644 0151 49       		.uleb128 0x49
 1645 0152 13       		.uleb128 0x13
 1646 0153 01       		.uleb128 0x1
 1647 0154 13       		.uleb128 0x13
 1648 0155 00       		.byte	0
 1649 0156 00       		.byte	0
 1650 0157 19       		.uleb128 0x19
 1651 0158 21       		.uleb128 0x21
 1652 0159 00       		.byte	0
 1653 015a 49       		.uleb128 0x49
 1654 015b 13       		.uleb128 0x13
 1655 015c 2F       		.uleb128 0x2f
 1656 015d 0B       		.uleb128 0xb
 1657 015e 00       		.byte	0
 1658 015f 00       		.byte	0
 1659 0160 1A       		.uleb128 0x1a
 1660 0161 34       		.uleb128 0x34
 1661 0162 00       		.byte	0
 1662 0163 03       		.uleb128 0x3
 1663 0164 0E       		.uleb128 0xe
 1664 0165 3A       		.uleb128 0x3a
 1665 0166 0B       		.uleb128 0xb
 1666 0167 3B       		.uleb128 0x3b
 1667 0168 05       		.uleb128 0x5
 1668 0169 49       		.uleb128 0x49
 1669 016a 13       		.uleb128 0x13
 1670 016b 3F       		.uleb128 0x3f
 1671 016c 19       		.uleb128 0x19
 1672 016d 3C       		.uleb128 0x3c
 1673 016e 19       		.uleb128 0x19
 1674 016f 00       		.byte	0
 1675 0170 00       		.byte	0
 1676 0171 1B       		.uleb128 0x1b
 1677 0172 34       		.uleb128 0x34
ARM GAS  C:\Users\winstona\AppData\Local\Temp\cca5lowe.s 			page 35


 1678 0173 00       		.byte	0
 1679 0174 03       		.uleb128 0x3
 1680 0175 0E       		.uleb128 0xe
 1681 0176 3A       		.uleb128 0x3a
 1682 0177 0B       		.uleb128 0xb
 1683 0178 3B       		.uleb128 0x3b
 1684 0179 0B       		.uleb128 0xb
 1685 017a 49       		.uleb128 0x49
 1686 017b 13       		.uleb128 0x13
 1687 017c 3F       		.uleb128 0x3f
 1688 017d 19       		.uleb128 0x19
 1689 017e 02       		.uleb128 0x2
 1690 017f 18       		.uleb128 0x18
 1691 0180 00       		.byte	0
 1692 0181 00       		.byte	0
 1693 0182 1C       		.uleb128 0x1c
 1694 0183 34       		.uleb128 0x34
 1695 0184 00       		.byte	0
 1696 0185 03       		.uleb128 0x3
 1697 0186 08       		.uleb128 0x8
 1698 0187 3A       		.uleb128 0x3a
 1699 0188 0B       		.uleb128 0xb
 1700 0189 3B       		.uleb128 0x3b
 1701 018a 0B       		.uleb128 0xb
 1702 018b 49       		.uleb128 0x49
 1703 018c 13       		.uleb128 0x13
 1704 018d 3F       		.uleb128 0x3f
 1705 018e 19       		.uleb128 0x19
 1706 018f 02       		.uleb128 0x2
 1707 0190 18       		.uleb128 0x18
 1708 0191 00       		.byte	0
 1709 0192 00       		.byte	0
 1710 0193 1D       		.uleb128 0x1d
 1711 0194 2E       		.uleb128 0x2e
 1712 0195 00       		.byte	0
 1713 0196 3F       		.uleb128 0x3f
 1714 0197 19       		.uleb128 0x19
 1715 0198 3C       		.uleb128 0x3c
 1716 0199 19       		.uleb128 0x19
 1717 019a 6E       		.uleb128 0x6e
 1718 019b 0E       		.uleb128 0xe
 1719 019c 03       		.uleb128 0x3
 1720 019d 0E       		.uleb128 0xe
 1721 019e 3A       		.uleb128 0x3a
 1722 019f 0B       		.uleb128 0xb
 1723 01a0 3B       		.uleb128 0x3b
 1724 01a1 0B       		.uleb128 0xb
 1725 01a2 00       		.byte	0
 1726 01a3 00       		.byte	0
 1727 01a4 1E       		.uleb128 0x1e
 1728 01a5 2E       		.uleb128 0x2e
 1729 01a6 00       		.byte	0
 1730 01a7 3F       		.uleb128 0x3f
 1731 01a8 19       		.uleb128 0x19
 1732 01a9 3C       		.uleb128 0x3c
 1733 01aa 19       		.uleb128 0x19
 1734 01ab 6E       		.uleb128 0x6e
ARM GAS  C:\Users\winstona\AppData\Local\Temp\cca5lowe.s 			page 36


 1735 01ac 0E       		.uleb128 0xe
 1736 01ad 03       		.uleb128 0x3
 1737 01ae 0E       		.uleb128 0xe
 1738 01af 3A       		.uleb128 0x3a
 1739 01b0 0B       		.uleb128 0xb
 1740 01b1 3B       		.uleb128 0x3b
 1741 01b2 05       		.uleb128 0x5
 1742 01b3 00       		.byte	0
 1743 01b4 00       		.byte	0
 1744 01b5 00       		.byte	0
 1745              		.section	.debug_loc,"",%progbits
 1746              	.Ldebug_loc0:
 1747              	.LLST0:
 1748 0000 22000000 		.4byte	.LVL30
 1749 0004 34000000 		.4byte	.LVL34
 1750 0008 0200     		.2byte	0x2
 1751 000a 30       		.byte	0x30
 1752 000b 9F       		.byte	0x9f
 1753 000c 42000000 		.4byte	.LVL37
 1754 0010 46000000 		.4byte	.LVL38
 1755 0014 0100     		.2byte	0x1
 1756 0016 50       		.byte	0x50
 1757 0017 46000000 		.4byte	.LVL38
 1758 001b 72000000 		.4byte	.LVL45
 1759 001f 0100     		.2byte	0x1
 1760 0021 57       		.byte	0x57
 1761 0022 72000000 		.4byte	.LVL45
 1762 0026 74000000 		.4byte	.LVL46
 1763 002a 0100     		.2byte	0x1
 1764 002c 50       		.byte	0x50
 1765 002d 74000000 		.4byte	.LVL46
 1766 0031 7A000000 		.4byte	.LVL47
 1767 0035 0100     		.2byte	0x1
 1768 0037 57       		.byte	0x57
 1769 0038 7A000000 		.4byte	.LVL47
 1770 003c 7E000000 		.4byte	.LVL48
 1771 0040 0200     		.2byte	0x2
 1772 0042 30       		.byte	0x30
 1773 0043 9F       		.byte	0x9f
 1774 0044 00000000 		.4byte	0
 1775 0048 00000000 		.4byte	0
 1776              	.LLST1:
 1777 004c 22000000 		.4byte	.LVL30
 1778 0050 34000000 		.4byte	.LVL34
 1779 0054 0200     		.2byte	0x2
 1780 0056 30       		.byte	0x30
 1781 0057 9F       		.byte	0x9f
 1782 0058 34000000 		.4byte	.LVL34
 1783 005c 7A000000 		.4byte	.LVL47
 1784 0060 0100     		.2byte	0x1
 1785 0062 54       		.byte	0x54
 1786 0063 7A000000 		.4byte	.LVL47
 1787 0067 7E000000 		.4byte	.LVL48
 1788 006b 0200     		.2byte	0x2
 1789 006d 30       		.byte	0x30
 1790 006e 9F       		.byte	0x9f
 1791 006f 7E000000 		.4byte	.LVL48
ARM GAS  C:\Users\winstona\AppData\Local\Temp\cca5lowe.s 			page 37


 1792 0073 86000000 		.4byte	.LVL49
 1793 0077 0100     		.2byte	0x1
 1794 0079 54       		.byte	0x54
 1795 007a 00000000 		.4byte	0
 1796 007e 00000000 		.4byte	0
 1797              	.LLST2:
 1798 0082 22000000 		.4byte	.LVL30
 1799 0086 34000000 		.4byte	.LVL34
 1800 008a 0200     		.2byte	0x2
 1801 008c 30       		.byte	0x30
 1802 008d 9F       		.byte	0x9f
 1803 008e 34000000 		.4byte	.LVL34
 1804 0092 56000000 		.4byte	.LVL39
 1805 0096 0100     		.2byte	0x1
 1806 0098 55       		.byte	0x55
 1807 0099 56000000 		.4byte	.LVL39
 1808 009d 64000000 		.4byte	.LVL42
 1809 00a1 0200     		.2byte	0x2
 1810 00a3 31       		.byte	0x31
 1811 00a4 9F       		.byte	0x9f
 1812 00a5 64000000 		.4byte	.LVL42
 1813 00a9 7A000000 		.4byte	.LVL47
 1814 00ad 0100     		.2byte	0x1
 1815 00af 55       		.byte	0x55
 1816 00b0 7A000000 		.4byte	.LVL47
 1817 00b4 7E000000 		.4byte	.LVL48
 1818 00b8 0200     		.2byte	0x2
 1819 00ba 30       		.byte	0x30
 1820 00bb 9F       		.byte	0x9f
 1821 00bc 7E000000 		.4byte	.LVL48
 1822 00c0 D8000000 		.4byte	.LFE69
 1823 00c4 0100     		.2byte	0x1
 1824 00c6 55       		.byte	0x55
 1825 00c7 00000000 		.4byte	0
 1826 00cb 00000000 		.4byte	0
 1827              	.LLST3:
 1828 00cf 46000000 		.4byte	.LVL38
 1829 00d3 72000000 		.4byte	.LVL45
 1830 00d7 0100     		.2byte	0x1
 1831 00d9 56       		.byte	0x56
 1832 00da 74000000 		.4byte	.LVL46
 1833 00de 7A000000 		.4byte	.LVL47
 1834 00e2 0100     		.2byte	0x1
 1835 00e4 56       		.byte	0x56
 1836 00e5 00000000 		.4byte	0
 1837 00e9 00000000 		.4byte	0
 1838              		.section	.debug_aranges,"",%progbits
 1839 0000 44000000 		.4byte	0x44
 1840 0004 0200     		.2byte	0x2
 1841 0006 00000000 		.4byte	.Ldebug_info0
 1842 000a 04       		.byte	0x4
 1843 000b 00       		.byte	0
 1844 000c 0000     		.2byte	0
 1845 000e 0000     		.2byte	0
 1846 0010 00000000 		.4byte	.LFB64
 1847 0014 4C000000 		.4byte	.LFE64-.LFB64
 1848 0018 00000000 		.4byte	.LFB65
ARM GAS  C:\Users\winstona\AppData\Local\Temp\cca5lowe.s 			page 38


 1849 001c 80000000 		.4byte	.LFE65-.LFB65
 1850 0020 00000000 		.4byte	.LFB66
 1851 0024 48000000 		.4byte	.LFE66-.LFB66
 1852 0028 00000000 		.4byte	.LFB67
 1853 002c 4C000000 		.4byte	.LFE67-.LFB67
 1854 0030 00000000 		.4byte	.LFB68
 1855 0034 0C000000 		.4byte	.LFE68-.LFB68
 1856 0038 00000000 		.4byte	.LFB69
 1857 003c D8000000 		.4byte	.LFE69-.LFB69
 1858 0040 00000000 		.4byte	0
 1859 0044 00000000 		.4byte	0
 1860              		.section	.debug_ranges,"",%progbits
 1861              	.Ldebug_ranges0:
 1862 0000 46000000 		.4byte	.LBB2
 1863 0004 72000000 		.4byte	.LBE2
 1864 0008 74000000 		.4byte	.LBB3
 1865 000c 7A000000 		.4byte	.LBE3
 1866 0010 00000000 		.4byte	0
 1867 0014 00000000 		.4byte	0
 1868 0018 00000000 		.4byte	.LFB64
 1869 001c 4C000000 		.4byte	.LFE64
 1870 0020 00000000 		.4byte	.LFB65
 1871 0024 80000000 		.4byte	.LFE65
 1872 0028 00000000 		.4byte	.LFB66
 1873 002c 48000000 		.4byte	.LFE66
 1874 0030 00000000 		.4byte	.LFB67
 1875 0034 4C000000 		.4byte	.LFE67
 1876 0038 00000000 		.4byte	.LFB68
 1877 003c 0C000000 		.4byte	.LFE68
 1878 0040 00000000 		.4byte	.LFB69
 1879 0044 D8000000 		.4byte	.LFE69
 1880 0048 00000000 		.4byte	0
 1881 004c 00000000 		.4byte	0
 1882              		.section	.debug_line,"",%progbits
 1883              	.Ldebug_line0:
 1884 0000 BF020000 		.section	.debug_str,"MS",%progbits,1
 1884      0200F001 
 1884      00000201 
 1884      FB0E0D00 
 1884      01010101 
 1885              	.LASF57:
 1886 0000 55534255 		.ascii	"USBUART_IsConfigurationChanged\000"
 1886      4152545F 
 1886      4973436F 
 1886      6E666967 
 1886      75726174 
 1887              	.LASF53:
 1888 001f 52697369 		.ascii	"RisingEdgeISR_StartEx\000"
 1888      6E674564 
 1888      67654953 
 1888      525F5374 
 1888      61727445 
 1889              	.LASF66:
 1890 0035 73746174 		.ascii	"state\000"
 1890      6500
 1891              	.LASF21:
 1892 003b 52656365 		.ascii	"ReceiveInterruptHandler\000"
ARM GAS  C:\Users\winstona\AppData\Local\Temp\cca5lowe.s 			page 39


 1892      69766549 
 1892      6E746572 
 1892      72757074 
 1892      48616E64 
 1893              	.LASF2:
 1894 0053 73686F72 		.ascii	"short int\000"
 1894      7420696E 
 1894      7400
 1895              	.LASF17:
 1896 005d 73697A65 		.ascii	"sizetype\000"
 1896      74797065 
 1896      00
 1897              	.LASF61:
 1898 0066 55534255 		.ascii	"USBUART_GetAll\000"
 1898      4152545F 
 1898      47657441 
 1898      6C6C00
 1899              	.LASF27:
 1900 0075 64617461 		.ascii	"dataPosition\000"
 1900      506F7369 
 1900      74696F6E 
 1900      00
 1901              	.LASF68:
 1902 0082 6D61696E 		.ascii	"main\000"
 1902      00
 1903              	.LASF25:
 1904 0087 64656C61 		.ascii	"delay\000"
 1904      7900
 1905              	.LASF56:
 1906 008d 55534255 		.ascii	"USBUART_Start\000"
 1906      4152545F 
 1906      53746172 
 1906      7400
 1907              	.LASF44:
 1908 009b 5472616E 		.ascii	"TransmitISR_Stop\000"
 1908      736D6974 
 1908      4953525F 
 1908      53746F70 
 1908      00
 1909              	.LASF42:
 1910 00ac 42555359 		.ascii	"BUSY_Write\000"
 1910      5F577269 
 1910      746500
 1911              	.LASF11:
 1912 00b7 75696E74 		.ascii	"uint8\000"
 1912      3800
 1913              	.LASF20:
 1914 00bd 49444C45 		.ascii	"IDLE\000"
 1914      00
 1915              	.LASF26:
 1916 00c2 64617461 		.ascii	"dataSize\000"
 1916      53697A65 
 1916      00
 1917              	.LASF52:
 1918 00cb 55534255 		.ascii	"USBUART_PutString\000"
 1918      4152545F 
 1918      50757453 
ARM GAS  C:\Users\winstona\AppData\Local\Temp\cca5lowe.s 			page 40


 1918      7472696E 
 1918      6700
 1919              	.LASF12:
 1920 00dd 666C6F61 		.ascii	"float\000"
 1920      7400
 1921              	.LASF58:
 1922 00e3 55534255 		.ascii	"USBUART_GetConfiguration\000"
 1922      4152545F 
 1922      47657443 
 1922      6F6E6669 
 1922      67757261 
 1923              	.LASF6:
 1924 00fc 6C6F6E67 		.ascii	"long long int\000"
 1924      206C6F6E 
 1924      6720696E 
 1924      7400
 1925              	.LASF67:
 1926 010a 436F6C6C 		.ascii	"CollisionInterruptHandler\000"
 1926      6973696F 
 1926      6E496E74 
 1926      65727275 
 1926      70744861 
 1927              	.LASF36:
 1928 0124 6C6F6769 		.ascii	"logicLevel\000"
 1928      634C6576 
 1928      656C00
 1929              	.LASF22:
 1930 012f 5472616E 		.ascii	"TransmitInterruptHandler\000"
 1930      736D6974 
 1930      496E7465 
 1930      72727570 
 1930      7448616E 
 1931              	.LASF4:
 1932 0148 6C6F6E67 		.ascii	"long int\000"
 1932      20696E74 
 1932      00
 1933              	.LASF33:
 1934 0151 55534255 		.ascii	"USBUART_device\000"
 1934      4152545F 
 1934      64657669 
 1934      636500
 1935              	.LASF69:
 1936 0160 62696E61 		.ascii	"binaryOfChar\000"
 1936      72794F66 
 1936      43686172 
 1936      00
 1937              	.LASF24:
 1938 016d 46616C6C 		.ascii	"FallingEdgeInterruptHandler\000"
 1938      696E6745 
 1938      64676549 
 1938      6E746572 
 1938      72757074 
 1939              	.LASF19:
 1940 0189 434F4C4C 		.ascii	"COLLISION\000"
 1940      4953494F 
 1940      4E00
 1941              	.LASF31:
ARM GAS  C:\Users\winstona\AppData\Local\Temp\cca5lowe.s 			page 41


 1942 0193 656E644F 		.ascii	"endOfTransmission\000"
 1942      66547261 
 1942      6E736D69 
 1942      7373696F 
 1942      6E00
 1943              	.LASF16:
 1944 01a5 6C6F6E67 		.ascii	"long double\000"
 1944      20646F75 
 1944      626C6500 
 1945              	.LASF37:
 1946 01b1 66697273 		.ascii	"firstHalfBit\000"
 1946      7448616C 
 1946      66426974 
 1946      00
 1947              	.LASF1:
 1948 01be 756E7369 		.ascii	"unsigned char\000"
 1948      676E6564 
 1948      20636861 
 1948      7200
 1949              	.LASF35:
 1950 01cc 73797374 		.ascii	"systemState\000"
 1950      656D5374 
 1950      61746500 
 1951              	.LASF0:
 1952 01d8 7369676E 		.ascii	"signed char\000"
 1952      65642063 
 1952      68617200 
 1953              	.LASF7:
 1954 01e4 6C6F6E67 		.ascii	"long long unsigned int\000"
 1954      206C6F6E 
 1954      6720756E 
 1954      7369676E 
 1954      65642069 
 1955              	.LASF65:
 1956 01fb 433A5C55 		.ascii	"C:\\Users\\winstona\\Documents\\School Documents\\N"
 1956      73657273 
 1956      5C77696E 
 1956      73746F6E 
 1956      615C446F 
 1957 0229 6574776F 		.ascii	"etworking I\\ce4950lab1\\NetworkingProject.cydsn\000"
 1957      726B696E 
 1957      6720495C 
 1957      63653439 
 1957      35306C61 
 1958              	.LASF8:
 1959 0258 756E7369 		.ascii	"unsigned int\000"
 1959      676E6564 
 1959      20696E74 
 1959      00
 1960              	.LASF38:
 1961 0265 64617461 		.ascii	"dataPtr\000"
 1961      50747200 
 1962              	.LASF55:
 1963 026d 52656365 		.ascii	"ReceiveISR_StartEx\000"
 1963      69766549 
 1963      53525F53 
 1963      74617274 
ARM GAS  C:\Users\winstona\AppData\Local\Temp\cca5lowe.s 			page 42


 1963      457800
 1964              	.LASF3:
 1965 0280 73686F72 		.ascii	"short unsigned int\000"
 1965      7420756E 
 1965      7369676E 
 1965      65642069 
 1965      6E7400
 1966              	.LASF18:
 1967 0293 42555359 		.ascii	"BUSY\000"
 1967      00
 1968              	.LASF62:
 1969 0298 5472616E 		.ascii	"TransmitISR_StartEx\000"
 1969      736D6974 
 1969      4953525F 
 1969      53746172 
 1969      74457800 
 1970              	.LASF14:
 1971 02ac 63686172 		.ascii	"char\000"
 1971      00
 1972              	.LASF10:
 1973 02b1 696E7433 		.ascii	"int32_t\000"
 1973      325F7400 
 1974              	.LASF41:
 1975 02b9 49444C45 		.ascii	"IDLE_Write\000"
 1975      5F577269 
 1975      746500
 1976              	.LASF47:
 1977 02c4 54696D65 		.ascii	"TimerRX_WritePeriod\000"
 1977      7252585F 
 1977      57726974 
 1977      65506572 
 1977      696F6400 
 1978              	.LASF32:
 1979 02d8 5F426F6F 		.ascii	"_Bool\000"
 1979      6C00
 1980              	.LASF30:
 1981 02de 64617461 		.ascii	"data\000"
 1981      00
 1982              	.LASF54:
 1983 02e3 46616C6C 		.ascii	"FallingEdgeISR_StartEx\000"
 1983      696E6745 
 1983      64676549 
 1983      53525F53 
 1983      74617274 
 1984              	.LASF29:
 1985 02fa 62756666 		.ascii	"buffer\000"
 1985      657200
 1986              	.LASF50:
 1987 0301 46616C6C 		.ascii	"FallingEdgeISR_ClearPending\000"
 1987      696E6745 
 1987      64676549 
 1987      53525F43 
 1987      6C656172 
 1988              	.LASF40:
 1989 031d 434F4C4C 		.ascii	"COLLISION_Write\000"
 1989      4953494F 
 1989      4E5F5772 
ARM GAS  C:\Users\winstona\AppData\Local\Temp\cca5lowe.s 			page 43


 1989      69746500 
 1990              	.LASF64:
 1991 032d 6D61696E 		.ascii	"main.c\000"
 1991      2E6300
 1992              	.LASF15:
 1993 0334 72656738 		.ascii	"reg8\000"
 1993      00
 1994              	.LASF5:
 1995 0339 6C6F6E67 		.ascii	"long unsigned int\000"
 1995      20756E73 
 1995      69676E65 
 1995      6420696E 
 1995      7400
 1996              	.LASF13:
 1997 034b 646F7562 		.ascii	"double\000"
 1997      6C6500
 1998              	.LASF45:
 1999 0352 52697369 		.ascii	"RisingEdgeISR_ClearPending\000"
 1999      6E674564 
 1999      67654953 
 1999      525F436C 
 1999      65617250 
 2000              	.LASF28:
 2001 036d 656E644F 		.ascii	"endOfData\000"
 2001      66446174 
 2001      6100
 2002              	.LASF39:
 2003 0377 636F6C6C 		.ascii	"collisionDelay\000"
 2003      6973696F 
 2003      6E44656C 
 2003      617900
 2004              	.LASF9:
 2005 0386 5F5F696E 		.ascii	"__int32_t\000"
 2005      7433325F 
 2005      7400
 2006              	.LASF43:
 2007 0390 5452414E 		.ascii	"TRANSMIT_Write\000"
 2007      534D4954 
 2007      5F577269 
 2007      746500
 2008              	.LASF49:
 2009 039f 54696D65 		.ascii	"TimerRX_Start\000"
 2009      7252585F 
 2009      53746172 
 2009      7400
 2010              	.LASF51:
 2011 03ad 55534255 		.ascii	"USBUART_PutCRLF\000"
 2011      4152545F 
 2011      50757443 
 2011      524C4600 
 2012              	.LASF59:
 2013 03bd 55534255 		.ascii	"USBUART_CDC_Init\000"
 2013      4152545F 
 2013      4344435F 
 2013      496E6974 
 2013      00
 2014              	.LASF48:
ARM GAS  C:\Users\winstona\AppData\Local\Temp\cca5lowe.s 			page 44


 2015 03ce 54696D65 		.ascii	"TimerRX_WriteCounter\000"
 2015      7252585F 
 2015      57726974 
 2015      65436F75 
 2015      6E746572 
 2016              	.LASF34:
 2017 03e3 49544D5F 		.ascii	"ITM_RxBuffer\000"
 2017      52784275 
 2017      66666572 
 2017      00
 2018              	.LASF63:
 2019 03f0 474E5520 		.ascii	"GNU C11 5.4.1 20160609 (release) [ARM/embedded-5-br"
 2019      43313120 
 2019      352E342E 
 2019      31203230 
 2019      31363036 
 2020 0423 616E6368 		.ascii	"anch revision 237715] -mcpu=cortex-m3 -mthumb -g -O"
 2020      20726576 
 2020      6973696F 
 2020      6E203233 
 2020      37373135 
 2021 0456 67202D66 		.ascii	"g -ffunction-sections -ffat-lto-objects\000"
 2021      66756E63 
 2021      74696F6E 
 2021      2D736563 
 2021      74696F6E 
 2022              	.LASF23:
 2023 047e 52697369 		.ascii	"RisingEdgeInterruptHandler\000"
 2023      6E674564 
 2023      6765496E 
 2023      74657272 
 2023      75707448 
 2024              	.LASF60:
 2025 0499 55534255 		.ascii	"USBUART_DataIsReady\000"
 2025      4152545F 
 2025      44617461 
 2025      49735265 
 2025      61647900 
 2026              	.LASF46:
 2027 04ad 54696D65 		.ascii	"TimerRX_Stop\000"
 2027      7252585F 
 2027      53746F70 
 2027      00
 2028              		.ident	"GCC: (GNU Tools for ARM Embedded Processors) 5.4.1 20160609 (release) [ARM/embedded-5-bran
