--------------- Build Started: 01/30/2018 15:31:18 Project: NetworkingProject, Configuration: ARM GCC 5.4-2016-q2-update Debug ---------------
The code generation step is up to date.
arm-none-eabi-gcc.exe -mcpu=cortex-m3 -mthumb -I. -IGenerated_Source\PSoC5 -Wa,-alh=.\CortexM3\ARM_GCC_541\Debug/main.lst -g -D DEBUG -D CY_CORE_ID=0 -Wall -ffunction-sections -ffat-lto-objects -Og -c main.c -o .\CortexM3\ARM_GCC_541\Debug\main.o
main.c: In function 'main':
main.c:356:25: warning: statement with no effect [-Wunused-value]
                         timeClk;
                         ^
main.c:355:29: warning: unused variable 'x' [-Wunused-variable]
                         int x = nearestNumSymbols;
                             ^
main.c:277:13: warning: variable 'uartConnected' set but not used [-Wunused-but-set-variable]
         int uartConnected = 0;
             ^
arm-none-eabi-ar.exe -rs .\CortexM3\ARM_GCC_541\Debug\NetworkingProject.a .\CortexM3\ARM_GCC_541\Debug\CLOCK1.o .\CortexM3\ARM_GCC_541\Debug\IDLE.o .\CortexM3\ARM_GCC_541\Debug\COLLISION.o .\CortexM3\ARM_GCC_541\Debug\BUSY.o .\CortexM3\ARM_GCC_541\Debug\CyDmac.o .\CortexM3\ARM_GCC_541\Debug\CyFlash.o .\CortexM3\ARM_GCC_541\Debug\CyLib.o .\CortexM3\ARM_GCC_541\Debug\cyPm.o .\CortexM3\ARM_GCC_541\Debug\CySpc.o .\CortexM3\ARM_GCC_541\Debug\cyutils.o .\CortexM3\ARM_GCC_541\Debug\RisingEdgeISR.o .\CortexM3\ARM_GCC_541\Debug\FallingEdgeISR.o .\CortexM3\ARM_GCC_541\Debug\USBUART.o .\CortexM3\ARM_GCC_541\Debug\USBUART_audio.o .\CortexM3\ARM_GCC_541\Debug\USBUART_boot.o .\CortexM3\ARM_GCC_541\Debug\USBUART_cdc.o .\CortexM3\ARM_GCC_541\Debug\USBUART_cls.o .\CortexM3\ARM_GCC_541\Debug\USBUART_descr.o .\CortexM3\ARM_GCC_541\Debug\USBUART_drv.o .\CortexM3\ARM_GCC_541\Debug\USBUART_episr.o .\CortexM3\ARM_GCC_541\Debug\USBUART_hid.o .\CortexM3\ARM_GCC_541\Debug\USBUART_pm.o .\CortexM3\ARM_GCC_541\Debug\USBUART_std.o .\CortexM3\ARM_GCC_541\Debug\USBUART_vnd.o .\CortexM3\ARM_GCC_541\Debug\USBUART_midi.o .\CortexM3\ARM_GCC_541\Debug\USBUART_msc.o .\CortexM3\ARM_GCC_541\Debug\USBUART_Dm.o .\CortexM3\ARM_GCC_541\Debug\USBUART_Dp.o .\CortexM3\ARM_GCC_541\Debug\LCD.o .\CortexM3\ARM_GCC_541\Debug\LCD_PM.o .\CortexM3\ARM_GCC_541\Debug\TRANSMIT.o .\CortexM3\ARM_GCC_541\Debug\LCD_LCDPort.o .\CortexM3\ARM_GCC_541\Debug\RECEIVE.o .\CortexM3\ARM_GCC_541\Debug\ReceiveISR.o .\CortexM3\ARM_GCC_541\Debug\TimerRX.o .\CortexM3\ARM_GCC_541\Debug\TimerRX_PM.o .\CortexM3\ARM_GCC_541\Debug\CLOCK3.o .\CortexM3\ARM_GCC_541\Debug\TimerTX.o .\CortexM3\ARM_GCC_541\Debug\TimerTX_PM.o .\CortexM3\ARM_GCC_541\Debug\TransmitISR.o .\CortexM3\ARM_GCC_541\Debug\CyBootAsmGnu.o
arm-none-eabi-ar.exe: creating .\CortexM3\ARM_GCC_541\Debug\NetworkingProject.a
arm-none-eabi-gcc.exe -Wl,--start-group -o "C:\Users\winstona\Documents\School Documents\Networking I\ce4950lab1\NetworkingProject.cydsn\CortexM3\ARM_GCC_541\Debug\NetworkingProject.elf" .\CortexM3\ARM_GCC_541\Debug\main.o .\CortexM3\ARM_GCC_541\Debug\cyfitter_cfg.o .\CortexM3\ARM_GCC_541\Debug\cymetadata.o .\CortexM3\ARM_GCC_541\Debug\Cm3Start.o .\CortexM3\ARM_GCC_541\Debug\NetworkingProject.a "C:\Program Files (x86)\Cypress\PSoC Creator\4.1\PSoC Creator\psoc\content\cycomponentlibrary\CyComponentLibrary.cylib\CortexM3\ARM_GCC_541\Debug\CyComponentLibrary.a" -mcpu=cortex-m3 -mthumb -L Generated_Source\PSoC5 -Wl,-Map,.\CortexM3\ARM_GCC_541\Debug/NetworkingProject.map -T Generated_Source\PSoC5\cm3gcc.ld -specs=nano.specs -Wl,--gc-sections -g -ffunction-sections -Og -ffat-lto-objects -Wl,--end-group
cyelftool.exe -C "C:\Users\winstona\Documents\School Documents\Networking I\ce4950lab1\NetworkingProject.cydsn\CortexM3\ARM_GCC_541\Debug\NetworkingProject.elf" --flash_row_size 256 --flash_size 262144 --flash_offset 0x00000000
cyelftool.exe -S "C:\Users\winstona\Documents\School Documents\Networking I\ce4950lab1\NetworkingProject.cydsn\CortexM3\ARM_GCC_541\Debug\NetworkingProject.elf"
Flash used: 9630 of 262144 bytes (3.7 %).
SRAM used: 3353 of 65536 bytes (5.1 %). Stack: 2048 bytes. Heap: 128 bytes.
--------------- Build Succeeded: 01/30/2018 15:31:20 ---------------
