--------------- Clean Started: 01/29/2018 22:43:07 Project: NetworkingProject, Configuration: ARM GCC 5.4-2016-q2-update Debug ---------------
Deleting file ".\CortexM3\ARM_GCC_541\Debug\main.o"
Deleting file ".\CortexM3\ARM_GCC_541\Debug\cyfitter_cfg.o"
Deleting file ".\CortexM3\ARM_GCC_541\Debug\cymetadata.o"
Deleting file ".\CortexM3\ARM_GCC_541\Debug\CLOCK1.o"
Deleting file ".\CortexM3\ARM_GCC_541\Debug\IDLE.o"
Deleting file ".\CortexM3\ARM_GCC_541\Debug\COLLISION.o"
Deleting file ".\CortexM3\ARM_GCC_541\Debug\BUSY.o"
Deleting file ".\CortexM3\ARM_GCC_541\Debug\Cm3Start.o"
Deleting file ".\CortexM3\ARM_GCC_541\Debug\CyBootAsmGnu.o"
Deleting file ".\CortexM3\ARM_GCC_541\Debug\CyDmac.o"
Deleting file ".\CortexM3\ARM_GCC_541\Debug\CyFlash.o"
Deleting file ".\CortexM3\ARM_GCC_541\Debug\CyLib.o"
Deleting file ".\CortexM3\ARM_GCC_541\Debug\cyPm.o"
Deleting file ".\CortexM3\ARM_GCC_541\Debug\CySpc.o"
Deleting file ".\CortexM3\ARM_GCC_541\Debug\cyutils.o"
Deleting file ".\CortexM3\ARM_GCC_541\Debug\RisingEdgeISR.o"
Deleting file ".\CortexM3\ARM_GCC_541\Debug\FallingEdgeISR.o"
Deleting file ".\CortexM3\ARM_GCC_541\Debug\USBUART.o"
Deleting file ".\CortexM3\ARM_GCC_541\Debug\USBUART_audio.o"
Deleting file ".\CortexM3\ARM_GCC_541\Debug\USBUART_boot.o"
Deleting file ".\CortexM3\ARM_GCC_541\Debug\USBUART_cdc.o"
Deleting file ".\CortexM3\ARM_GCC_541\Debug\USBUART_cls.o"
Deleting file ".\CortexM3\ARM_GCC_541\Debug\USBUART_descr.o"
Deleting file ".\CortexM3\ARM_GCC_541\Debug\USBUART_drv.o"
Deleting file ".\CortexM3\ARM_GCC_541\Debug\USBUART_episr.o"
Deleting file ".\CortexM3\ARM_GCC_541\Debug\USBUART_hid.o"
Deleting file ".\CortexM3\ARM_GCC_541\Debug\USBUART_pm.o"
Deleting file ".\CortexM3\ARM_GCC_541\Debug\USBUART_std.o"
Deleting file ".\CortexM3\ARM_GCC_541\Debug\USBUART_vnd.o"
Deleting file ".\CortexM3\ARM_GCC_541\Debug\USBUART_midi.o"
Deleting file ".\CortexM3\ARM_GCC_541\Debug\USBUART_msc.o"
Deleting file ".\CortexM3\ARM_GCC_541\Debug\USBUART_Dm.o"
Deleting file ".\CortexM3\ARM_GCC_541\Debug\USBUART_Dp.o"
Deleting file ".\CortexM3\ARM_GCC_541\Debug\LCD.o"
Deleting file ".\CortexM3\ARM_GCC_541\Debug\LCD_PM.o"
Deleting file ".\CortexM3\ARM_GCC_541\Debug\TRANSMIT.o"
Deleting file ".\CortexM3\ARM_GCC_541\Debug\LCD_LCDPort.o"
Deleting file ".\CortexM3\ARM_GCC_541\Debug\RECEIVE.o"
Deleting file ".\CortexM3\ARM_GCC_541\Debug\ReceiveISR.o"
Deleting file ".\CortexM3\ARM_GCC_541\Debug\TimerRX.o"
Deleting file ".\CortexM3\ARM_GCC_541\Debug\TimerRX_PM.o"
Deleting file ".\CortexM3\ARM_GCC_541\Debug\CLOCK3.o"
Deleting file ".\CortexM3\ARM_GCC_541\Debug\TimerTX.o"
Deleting file ".\CortexM3\ARM_GCC_541\Debug\TimerTX_PM.o"
Deleting file ".\CortexM3\ARM_GCC_541\Debug\TransmitISR.o"
Deleting file ".\CortexM3\ARM_GCC_541\Debug\NetworkingProject.hex"
Deleting file ".\CortexM3\ARM_GCC_541\Debug\NetworkingProject.elf"
Deleting file ".\CortexM3\ARM_GCC_541\Debug\NetworkingProject.map"
Deleting file ".\NetworkingProject.cycdx"
Deleting file ".\NetworkingProject.svd"
Deleting file ".\NetworkingProject.rpt"
Deleting file ".\NetworkingProject_timing.html"
Deleting file ".\CortexM3\ARM_GCC_541\Debug\.deps\SOURCE_C__ARM_GCC_GENERIC.P"
Deleting file ".\CortexM3\ARM_GCC_541\Debug\.deps\SOURCE_ASM__ARM_GCC_GENERIC.P"
--------------- Clean Succeeded: 01/29/2018 22:43:08 ---------------
